<?xml version="1.0" encoding="utf-8"?><testsuites name="pytest tests"><testsuite name="pytest" errors="0" failures="0" skipped="0" tests="9" time="1.851" timestamp="2026-05-20T10:40:56.019668+00:00" hostname="agent-env-2ffbe3ed-05fb-4362-9c63-f841eff76b28"><testcase classname="backend.tests.test_iter41_mittari_copy.TestPublicMittariCopy" name="test_public_endpoint_returns_full_tree" time="0.177" /><testcase classname="backend.tests.test_iter41_mittari_copy.TestAdminAuth" name="test_admin_get_without_token_rejected" time="0.110" /><testcase classname="backend.tests.test_iter41_mittari_copy.TestAdminAuth" name="test_admin_get_with_token_ok" time="0.108" /><testcase classname="backend.tests.test_iter41_mittari_copy.TestAdminAuth" name="test_admin_put_without_token_rejected" time="0.104" /><testcase classname="backend.tests.test_iter41_mittari_copy.TestPutAndPersistence" name="test_partial_put_persists_and_reflected_in_public" time="0.217" /><testcase classname="backend.tests.test_iter41_mittari_copy.TestPutAndPersistence" name="test_empty_put_resets_to_defaults" time="0.202" /><testcase classname="backend.tests.test_iter41_mittari_copy.TestPutAndPersistence" name="test_field_length_cap_truncates" time="0.334" /><testcase classname="backend.tests.test_iter41_mittari_copy.TestPutAndPersistence" name="test_blank_receipt_row_dropped" time="0.209" /><testcase classname="backend.tests.test_iter41_mittari_copy.TestPutAndPersistence" name="test_blank_testimonial_dropped" time="0.328" /></testsuite></testsuites>