<?xml version="1.0" encoding="utf-8"?><testsuites name="pytest tests"><testsuite name="pytest" errors="0" failures="0" skipped="0" tests="33" time="6.467" timestamp="2026-05-19T12:53:50.033228+00:00" hostname="agent-env-2ffbe3ed-05fb-4362-9c63-f841eff76b28"><testcase classname="tests.test_sprint_voita_recent_winners.TestMaskEmail" name="test_major_provider_shows_domain" time="0.153" /><testcase classname="tests.test_sprint_voita_recent_winners.TestMaskEmail" name="test_non_major_domain_masked_to_tld" time="0.000" /><testcase classname="tests.test_sprint_voita_recent_winners.TestMaskEmail" name="test_firstname_lastname_masks_local_part_fully" time="0.000" /><testcase classname="tests.test_sprint_voita_recent_winners.TestMaskEmail" name="test_short_local_part_not_treated_as_full_name" time="0.000" /><testcase classname="tests.test_sprint_voita_recent_winners.TestMaskEmail" name="test_local_with_digits_not_treated_as_full_name" time="0.000" /><testcase classname="tests.test_sprint_voita_recent_winners.TestMaskEmail" name="test_empty_and_invalid_return_empty" time="0.000" /><testcase classname="tests.test_sprint_voita_recent_winners.TestDisplayName" name="test_display_name_optional_capture" time="0.412" /><testcase classname="tests.test_sprint_voita_recent_winners.TestDisplayName" name="test_display_name_sanitized" time="0.362" /><testcase classname="tests.test_sprint_voita_recent_winners.TestDisplayName" name="test_missing_display_name_still_accepted" time="0.278" /><testcase classname="tests.test_sprint_voita_recent_winners.TestPaidStatusAndRecentWinners" name="test_mark_paid_only_from_drawn" time="0.423" /><testcase classname="tests.test_sprint_voita_recent_winners.TestPaidStatusAndRecentWinners" name="test_paid_filter_returns_paid_raffles_with_masking" time="0.402" /><testcase classname="tests.test_sprint_voita_recent_winners.TestPaidStatusAndRecentWinners" name="test_drawn_but_not_paid_NOT_in_paid_filter" time="0.385" /><testcase classname="tests.test_sprint_voita_recent_winners.TestPaidStatusAndRecentWinners" name="test_paid_raffle_cannot_be_edited" time="0.430" /><testcase classname="tests.test_sprint_voita_recent_winners.TestPaidStatusAndRecentWinners" name="test_paid_raffle_cannot_be_deleted" time="0.428" /><testcase classname="tests.test_sprint_voita_recent_winners.TestPaidFilterFeatureFlag" name="test_returns_empty_when_flag_off" time="0.203" /><testcase classname="tests.test_sprint_voita_engine.TestScoring" name="test_exact_score_awards_5_plus_one_x_two" time="0.001" /><testcase classname="tests.test_sprint_voita_engine.TestScoring" name="test_goal_diff_match_awards_3_plus_one_x_two" time="0.000" /><testcase classname="tests.test_sprint_voita_engine.TestScoring" name="test_total_goals_match_awards_1_plus_one_x_two" time="0.000" /><testcase classname="tests.test_sprint_voita_engine.TestScoring" name="test_score_variant_points_not_stackable" time="0.000" /><testcase classname="tests.test_sprint_voita_engine.TestScoring" name="test_compute_one_x_two" time="0.000" /><testcase classname="tests.test_sprint_voita_engine.TestPayoutValidation" name="test_total_exceeds_cap_raises" time="0.000" /><testcase classname="tests.test_sprint_voita_engine.TestPayoutValidation" name="test_duplicate_position_raises" time="0.000" /><testcase classname="tests.test_sprint_voita_engine.TestPayoutValidation" name="test_invalid_type_raises" time="0.000" /><testcase classname="tests.test_sprint_voita_engine.TestPayoutValidation" name="test_valid_tiered_payouts_pass" time="0.000" /><testcase classname="tests.test_sprint_voita_engine.TestPublicListingGating" name="test_listing_returns_feature_flag" time="0.152" /><testcase classname="tests.test_sprint_voita_engine.TestPublicListingGating" name="test_raffle_without_gates_not_public" time="0.366" /><testcase classname="tests.test_sprint_voita_engine.TestAdminCrudAndEntry" name="test_auth_required" time="0.071" /><testcase classname="tests.test_sprint_voita_engine.TestAdminCrudAndEntry" name="test_public_listing_includes_gated_open_raffle" time="0.311" /><testcase classname="tests.test_sprint_voita_engine.TestAdminCrudAndEntry" name="test_entry_submission_then_dup_rejected" time="0.381" /><testcase classname="tests.test_sprint_voita_engine.TestAdminCrudAndEntry" name="test_entry_requires_rules_acceptance" time="0.292" /><testcase classname="tests.test_sprint_voita_engine.TestAdminCrudAndEntry" name="test_entry_rejects_invalid_pick" time="0.285" /><testcase classname="tests.test_sprint_voita_engine.TestAdminCrudAndEntry" name="test_admin_entries_includes_consent_tag_game_raffle" time="0.451" /><testcase classname="tests.test_sprint_voita_engine.TestAdminCrudAndEntry" name="test_draw_locks_results_and_scores" time="0.576" /></testsuite></testsuites>