<?xml version="1.0" encoding="utf-8"?><testsuites name="pytest tests"><testsuite name="pytest" errors="0" failures="0" skipped="0" tests="13" time="3.258" timestamp="2026-05-18T18:27:40.714131+00:00" hostname="agent-env-2ffbe3ed-05fb-4362-9c63-f841eff76b28"><testcase classname="backend.tests.test_iter22_phase54_newsroom.TestContentStats" name="test_stats_shape" time="0.239" /><testcase classname="backend.tests.test_iter22_phase54_newsroom.TestContentStats" name="test_stats_consistency" time="0.087" /><testcase classname="backend.tests.test_iter22_phase54_newsroom.TestTopEntities" name="test_top_entities_default" time="0.064" /><testcase classname="backend.tests.test_iter22_phase54_newsroom.TestTopEntities" name="test_top_entities_limit" time="0.073" /><testcase classname="backend.tests.test_iter22_phase54_newsroom.TestFeed" name="test_feed_basic_annotation" time="0.103" /><testcase classname="backend.tests.test_iter22_phase54_newsroom.TestFeed" name="test_feed_severity_filter_hot" time="0.602" /><testcase classname="backend.tests.test_iter22_phase54_newsroom.TestFeed" name="test_feed_severity_filter_scorching" time="0.084" /><testcase classname="backend.tests.test_iter22_phase54_newsroom.TestFeed" name="test_feed_entity_filter" time="0.095" /><testcase classname="backend.tests.test_iter22_phase54_newsroom.TestEntityHub" name="test_streamer_entity_shape" time="0.123" /><testcase classname="backend.tests.test_iter22_phase54_newsroom.TestEntityHub" name="test_unknown_entity_type" time="0.304" /><testcase classname="backend.tests.test_iter22_phase54_newsroom.TestDialAlertSubscribe" name="test_subscribe_create_and_update" time="0.589" /><testcase classname="backend.tests.test_iter22_phase54_newsroom.TestDialAlertSubscribe" name="test_invalid_email" time="0.277" /><testcase classname="backend.tests.test_iter22_phase54_newsroom.TestDialAlertSubscribe" name="test_invalid_channel" time="0.528" /></testsuite></testsuites>