<?xml version="1.0" encoding="utf-8"?><testsuites name="pytest tests"><testsuite name="pytest" errors="0" failures="0" skipped="1" tests="46" time="11.324" timestamp="2026-05-20T09:43:29.252615+00:00" hostname="agent-env-2ffbe3ed-05fb-4362-9c63-f841eff76b28"><testcase classname="backend.tests.test_iter38_mittari_landing.TestMittariLeadCapture" name="test_mittari_lead_success" time="0.183" /><testcase classname="backend.tests.test_iter38_mittari_landing.TestMittariLeadCapture" name="test_mittari_lead_invalid_age" time="0.127" /><testcase classname="backend.tests.test_iter38_mittari_landing.TestMittariLeadCapture" name="test_mittari_lead_invalid_email" time="0.095" /><testcase classname="backend.tests.test_iter38_mittari_landing.TestMittariLeadCapture" name="test_two_independent_leads_persist" time="0.828" /><testcase classname="backend.tests.test_iter38_mittari_landing.TestAdminLeadsSummaryReflectsMittari" name="test_summary_includes_mittari" time="0.112" /><testcase classname="backend.tests.test_iter38_mittari_landing.TestMittariSubscribeRegression" name="test_mittari_subscribe_ok" time="0.118" /><testcase classname="backend.tests.test_iter37_sprint_c.TestLeadsSummary" name="test_summary_ok_and_shape" time="0.125" /><testcase classname="backend.tests.test_iter37_sprint_c.TestLeadsSummary" name="test_summary_requires_admin" time="0.123" /><testcase classname="backend.tests.test_iter37_sprint_c.TestLeads" name="test_filter_by_source[mestari-mestari_lead]" time="0.116" /><testcase classname="backend.tests.test_iter37_sprint_c.TestLeads" name="test_filter_by_source[voita-voita_lead]" time="0.107" /><testcase classname="backend.tests.test_iter37_sprint_c.TestLeads" name="test_filter_by_source[mittari-mittari_lead]" time="0.114" /><testcase classname="backend.tests.test_iter37_sprint_c.TestLeads" name="test_no_source_returns_all" time="0.113" /><testcase classname="backend.tests.test_iter37_sprint_c.TestLeads" name="test_leads_requires_admin" time="0.108" /><testcase classname="backend.tests.test_iter37_sprint_c.TestTelegramLog" name="test_log_ok_and_shape" time="0.115" /><testcase classname="backend.tests.test_iter37_sprint_c.TestTelegramLog" name="test_log_requires_admin" time="0.103" /><testcase classname="backend.tests.test_iter37_sprint_c.TestConsistency" name="test_summary_and_leads_counts_match" time="0.238" /><testcase classname="backend.tests.test_iter36_telegram_mittari.TestWebhookDispatcher" name="test_help_returns_kind_help" time="0.533" /><testcase classname="backend.tests.test_iter36_telegram_mittari.TestWebhookDispatcher" name="test_fallback_for_chitchat" time="0.552" /><testcase classname="backend.tests.test_iter36_telegram_mittari.TestWebhookDispatcher" name="test_start_no_pending" time="0.512" /><testcase classname="backend.tests.test_iter36_telegram_mittari.TestWebhookDispatcher" name="test_start_unknown_pending" time="0.505" /><testcase classname="backend.tests.test_iter36_telegram_mittari.TestWebhookDispatcher" name="test_missing_message_handled_gracefully" time="0.051" /><testcase classname="backend.tests.test_iter36_telegram_mittari.TestMittariSubscribeFlow" name="test_subscribe_pre_registers" time="0.091" /><testcase classname="backend.tests.test_iter36_telegram_mittari.TestMittariSubscribeFlow" name="test_binding_status_unknown_pid" time="0.047" /><testcase classname="backend.tests.test_iter36_telegram_mittari.TestMittariSubscribeFlow" name="test_binding_status_requires_pid" time="0.044" /><testcase classname="backend.tests.test_iter36_telegram_mittari.TestMittariSubscribeFlow" name="test_mittari_bind_via_webhook" time="1.024" /><testcase classname="backend.tests.test_iter36_telegram_mittari.TestMittariSubscribeFlow" name="test_mittari_bind_without_preregister" time="0.536" /><testcase classname="backend.tests.test_iter36_telegram_mittari.TestMittariSubscribeFlow" name="test_stop_deactivates_subscribers" time="1.242" /><testcase classname="backend.tests.test_iter36_telegram_mittari.TestMittariSubscribeFlow" name="test_unsubscribe_alias" time="1.127" /><testcase classname="backend.tests.test_iter36_telegram_mittari.TestVoitaRaffleBind" name="test_voita_start_binds_entry" time="0.100"><skipped type="pytest.skip" message="Could not create voita entry: 400 {&quot;detail&quot;:&quot;raffle status is paid; not accepting entries&quot;}">/app/backend/tests/test_iter36_telegram_mittari.py:241: Could not create voita entry: 400 {"detail":"raffle status is paid; not accepting entries"}</skipped></testcase><testcase classname="backend.tests.test_iter36_telegram_mittari.TestAdminGating" name="test_bound_entries_requires_admin" time="0.047" /><testcase classname="backend.tests.test_iter36_telegram_mittari.TestAdminGating" name="test_bound_entries_with_admin" time="0.113" /><testcase classname="backend.tests.test_iter36_telegram_mittari.TestAdminGating" name="test_webhook_info_requires_admin" time="0.046" /><testcase classname="backend.tests.test_iter36_telegram_mittari.TestAdminGating" name="test_webhook_info_with_admin" time="0.465" /><testcase classname="backend.tests.test_iter36_telegram_mittari.TestAdminGating" name="test_set_webhook_requires_admin" time="0.050" /><testcase classname="backend.tests.test_iter36_telegram_mittari.TestAdminGating" name="test_admin_mittari_subscribers_requires_admin" time="0.088" /><testcase classname="backend.tests.test_iter36_telegram_mittari.TestAdminGating" name="test_admin_mittari_subscribers_with_admin" time="0.107" /><testcase classname="backend.tests.test_iter36_telegram_mittari.TestBroadcastImport" name="test_module_exports" time="0.040" /><testcase classname="backend.tests.test_sprint_a_mestari_voita.TestVoitaLeadSource" name="test_source_mestari_tags_mestari_landing" time="0.217" /><testcase classname="backend.tests.test_sprint_a_mestari_voita.TestVoitaLeadSource" name="test_source_missing_defaults_to_voita" time="0.112" /><testcase classname="backend.tests.test_sprint_a_mestari_voita.TestVoitaLeadSource" name="test_source_empty_string_defaults_to_voita" time="0.102" /><testcase classname="backend.tests.test_sprint_a_mestari_voita.TestVoitaLeadSource" name="test_source_invalid_falls_back_to_voita" time="0.100" /><testcase classname="backend.tests.test_sprint_a_mestari_voita.TestVoitaEntryNewFields" name="test_entry_telegram_channel_with_confidence_and_pending_id" time="0.112" /><testcase classname="backend.tests.test_sprint_a_mestari_voita.TestVoitaEntryNewFields" name="test_entry_email_channel" time="0.148" /><testcase classname="backend.tests.test_sprint_a_mestari_voita.TestVoitaEntryNewFields" name="test_entry_invalid_channel_normalised_to_none" time="0.115" /><testcase classname="backend.tests.test_sprint_a_mestari_voita.TestVoitaEntryNewFields" name="test_entry_confidence_out_of_range_rejected" time="0.105" /><testcase classname="backend.tests.test_sprint_a_mestari_voita.TestVoitaEntryNewFields" name="test_entry_pending_id_truncated_at_64" time="0.101" /></testsuite></testsuites>