<?xml version="1.0" encoding="utf-8"?><testsuites name="pytest tests"><testsuite name="pytest" errors="0" failures="0" skipped="0" tests="11" time="3.066" timestamp="2026-05-19T19:06:16.451430+00:00" hostname="agent-env-2ffbe3ed-05fb-4362-9c63-f841eff76b28"><testcase classname="tests.test_sprint_voita_lessons.TestPublicSettingsExposure" name="test_public_settings_returns_quiz_and_profiles" time="0.203" /><testcase classname="tests.test_sprint_voita_lessons.TestPublicSettingsExposure" name="test_quiz_lesson_structure" time="0.210" /><testcase classname="tests.test_sprint_voita_lessons.TestPublicSettingsExposure" name="test_profiles_structure" time="0.178" /><testcase classname="tests.test_sprint_voita_lessons.TestProfileResolver" name="test_confident_loyalist" time="0.135" /><testcase classname="tests.test_sprint_voita_lessons.TestProfileResolver" name="test_underdog_hunter" time="0.154" /><testcase classname="tests.test_sprint_voita_lessons.TestProfileResolver" name="test_quiet_sharp_priority_tiebreak" time="0.146" /><testcase classname="tests.test_sprint_voita_lessons.TestProfileResolver" name="test_default_profile_on_empty" time="0.161" /><testcase classname="tests.test_sprint_voita_lessons.TestComplianceLinter" name="test_forbidden_in_quiz_blocked" time="0.403" /><testcase classname="tests.test_sprint_voita_lessons.TestComplianceLinter" name="test_forbidden_in_profile_blocked" time="0.304" /><testcase classname="tests.test_sprint_voita_lessons.TestComplianceLinter" name="test_allowed_phrase_guaranteed_loss" time="0.429" /><testcase classname="tests.test_sprint_voita_lessons.TestProfilePersistence" name="test_single_profile_edit_round_trip" time="0.674" /></testsuite></testsuites>