<?xml version="1.0" encoding="utf-8"?><testsuites name="pytest tests"><testsuite name="pytest" errors="0" failures="0" skipped="0" tests="16" time="1.922" timestamp="2026-05-17T15:11:11.476149+00:00" hostname="agent-env-2ffbe3ed-05fb-4362-9c63-f841eff76b28"><testcase classname="tests.test_phase3_v2_step2_webhooks.TestWebhookStatus" name="test_status_reports_configured" time="0.056" /><testcase classname="tests.test_phase3_v2_step2_webhooks.TestTwitchWebhook" name="test_challenge_handshake" time="0.002" /><testcase classname="tests.test_phase3_v2_step2_webhooks.TestTwitchWebhook" name="test_notification_writes_signal" time="0.003" /><testcase classname="tests.test_phase3_v2_step2_webhooks.TestTwitchWebhook" name="test_signature_mismatch_returns_403" time="0.001" /><testcase classname="tests.test_phase3_v2_step2_webhooks.TestTwitchWebhook" name="test_missing_headers_returns_403" time="0.001" /><testcase classname="tests.test_phase3_v2_step2_webhooks.TestTwitchWebhook" name="test_replay_protection_dedupes" time="0.008" /><testcase classname="tests.test_phase3_v2_step2_webhooks.TestKickWebhook" name="test_valid_signature_writes_signal" time="0.004" /><testcase classname="tests.test_phase3_v2_step2_webhooks.TestKickWebhook" name="test_signature_mismatch_returns_403" time="0.001" /><testcase classname="tests.test_phase3_v2_step2_webhooks.TestKickWebhook" name="test_missing_signature_returns_403" time="0.001" /><testcase classname="tests.test_phase3_v2_step2_webhooks.TestYouTubePubSub" name="test_get_challenge_handshake" time="0.001" /><testcase classname="tests.test_phase3_v2_step2_webhooks.TestYouTubePubSub" name="test_get_invalid_verify_returns_400" time="0.001" /><testcase classname="tests.test_phase3_v2_step2_webhooks.TestYouTubePubSub" name="test_post_notification_writes_signal" time="0.002" /><testcase classname="tests.test_phase3_v2_step2_webhooks.TestYouTubePubSub" name="test_post_bad_signature_returns_202_silent" time="0.001" /><testcase classname="tests.test_phase3_v2_step2_webhooks.TestUnconfiguredDormant" name="test_twitch_503_when_secret_missing" time="0.007" /><testcase classname="tests.test_phase3_v2_step2_webhooks.TestUnconfiguredDormant" name="test_kick_503_when_secret_missing" time="0.006" /><testcase classname="tests.test_phase3_v2_step2_webhooks.TestUnconfiguredDormant" name="test_youtube_503_when_secret_missing" time="0.008" /></testsuite></testsuites>