<?xml version="1.0" encoding="utf-8"?><testsuites name="pytest tests"><testsuite name="pytest" errors="0" failures="0" skipped="0" tests="18" time="2.874" timestamp="2026-05-19T12:33:20.908826+00:00" hostname="agent-env-2ffbe3ed-05fb-4362-9c63-f841eff76b28"><testcase classname="tests.test_sprint_voita_engine.TestScoring" name="test_exact_score_awards_5_plus_one_x_two" time="0.001" /><testcase classname="tests.test_sprint_voita_engine.TestScoring" name="test_goal_diff_match_awards_3_plus_one_x_two" time="0.000" /><testcase classname="tests.test_sprint_voita_engine.TestScoring" name="test_total_goals_match_awards_1_plus_one_x_two" time="0.000" /><testcase classname="tests.test_sprint_voita_engine.TestScoring" name="test_score_variant_points_not_stackable" time="0.000" /><testcase classname="tests.test_sprint_voita_engine.TestScoring" name="test_compute_one_x_two" time="0.000" /><testcase classname="tests.test_sprint_voita_engine.TestPayoutValidation" name="test_total_exceeds_cap_raises" time="0.000" /><testcase classname="tests.test_sprint_voita_engine.TestPayoutValidation" name="test_duplicate_position_raises" time="0.000" /><testcase classname="tests.test_sprint_voita_engine.TestPayoutValidation" name="test_invalid_type_raises" time="0.000" /><testcase classname="tests.test_sprint_voita_engine.TestPayoutValidation" name="test_valid_tiered_payouts_pass" time="0.000" /><testcase classname="tests.test_sprint_voita_engine.TestPublicListingGating" name="test_listing_returns_feature_flag" time="0.241" /><testcase classname="tests.test_sprint_voita_engine.TestPublicListingGating" name="test_raffle_without_gates_not_public" time="0.396" /><testcase classname="tests.test_sprint_voita_engine.TestAdminCrudAndEntry" name="test_auth_required" time="0.050" /><testcase classname="tests.test_sprint_voita_engine.TestAdminCrudAndEntry" name="test_public_listing_includes_gated_open_raffle" time="0.265" /><testcase classname="tests.test_sprint_voita_engine.TestAdminCrudAndEntry" name="test_entry_submission_then_dup_rejected" time="0.329" /><testcase classname="tests.test_sprint_voita_engine.TestAdminCrudAndEntry" name="test_entry_requires_rules_acceptance" time="0.272" /><testcase classname="tests.test_sprint_voita_engine.TestAdminCrudAndEntry" name="test_entry_rejects_invalid_pick" time="0.265" /><testcase classname="tests.test_sprint_voita_engine.TestAdminCrudAndEntry" name="test_admin_entries_includes_consent_tag_game_raffle" time="0.345" /><testcase classname="tests.test_sprint_voita_engine.TestAdminCrudAndEntry" name="test_draw_locks_results_and_scores" time="0.626" /></testsuite></testsuites>