<?xml version="1.0" encoding="utf-8"?><testsuites name="pytest tests"><testsuite name="pytest" errors="0" failures="0" skipped="0" tests="6" time="1.680" timestamp="2026-05-20T09:14:21.293299+00:00" hostname="agent-env-2ffbe3ed-05fb-4362-9c63-f841eff76b28"><testcase classname="backend.tests.test_iter38_mittari_landing.TestMittariLeadCapture" name="test_mittari_lead_success" time="0.219" /><testcase classname="backend.tests.test_iter38_mittari_landing.TestMittariLeadCapture" name="test_mittari_lead_invalid_age" time="0.093" /><testcase classname="backend.tests.test_iter38_mittari_landing.TestMittariLeadCapture" name="test_mittari_lead_invalid_email" time="0.142" /><testcase classname="backend.tests.test_iter38_mittari_landing.TestMittariLeadCapture" name="test_two_independent_leads_persist" time="0.875" /><testcase classname="backend.tests.test_iter38_mittari_landing.TestAdminLeadsSummaryReflectsMittari" name="test_summary_includes_mittari" time="0.141" /><testcase classname="backend.tests.test_iter38_mittari_landing.TestMittariSubscribeRegression" name="test_mittari_subscribe_ok" time="0.130" /></testsuite></testsuites>