<?xml version="1.0" encoding="utf-8"?><testsuites name="pytest tests"><testsuite name="pytest" errors="0" failures="1" skipped="0" tests="8" time="10.288" timestamp="2026-05-17T15:12:50.062869+00:00" hostname="agent-env-2ffbe3ed-05fb-4362-9c63-f841eff76b28"><testcase classname="tests.test_iter13_kick_endpoints" name="test_status_kick_configured_true" time="0.176" /><testcase classname="tests.test_iter13_kick_endpoints" name="test_kick_verify_unauth" time="0.109" /><testcase classname="tests.test_iter13_kick_endpoints" name="test_kick_verify_ok" time="0.997" /><testcase classname="tests.test_iter13_kick_endpoints" name="test_kick_subscriptions_unauth" time="0.114" /><testcase classname="tests.test_iter13_kick_endpoints" name="test_kick_subscriptions_ok" time="0.294" /><testcase classname="tests.test_iter13_kick_endpoints" name="test_resubscribe_twitch_dry_run" time="2.825"><failure message="AssertionError: {'plan_count': 30, 'source': 'twitch', 'status': 'dry_run', 'streamer_count': 17, ...}&#10;assert 30 == (2 * 17)">tests/test_iter13_kick_endpoints.py:69: in test_resubscribe_twitch_dry_run
    assert j["plan_count"] == 2 * j["streamer_count"], j
E   AssertionError: {'plan_count': 30, 'source': 'twitch', 'status': 'dry_run', 'streamer_count': 17, ...}
E   assert 30 == (2 * 17)</failure></testcase><testcase classname="tests.test_iter13_kick_endpoints" name="test_resubscribe_kick_dry_run" time="5.542" /><testcase classname="tests.test_iter13_kick_endpoints" name="test_resubscribe_unknown_source_400" time="0.142" /></testsuite></testsuites>