<?xml version="1.0" encoding="utf-8"?><testsuites name="pytest tests"><testsuite name="pytest" errors="0" failures="0" skipped="0" tests="15" time="4.337" timestamp="2026-05-18T11:51:24.180858+00:00" hostname="agent-env-2ffbe3ed-05fb-4362-9c63-f841eff76b28"><testcase classname="backend.tests.test_iter18_weekly_tips_winners.TestWeeklyMeta" name="test_meta_no_auth" time="0.212" /><testcase classname="backend.tests.test_iter18_weekly_tips_winners.TestWeeklySubmit" name="test_submit_telegram_ok" time="0.145" /><testcase classname="backend.tests.test_iter18_weekly_tips_winners.TestWeeklySubmit" name="test_submit_idempotent_upsert" time="0.610" /><testcase classname="backend.tests.test_iter18_weekly_tips_winners.TestWeeklySubmit" name="test_submit_rejects_invalid_telegram" time="0.146" /><testcase classname="backend.tests.test_iter18_weekly_tips_winners.TestWeeklySubmit" name="test_submit_rejects_short_sms" time="0.131" /><testcase classname="backend.tests.test_iter18_weekly_tips_winners.TestWeeklySubmit" name="test_submit_missing_handle" time="0.096" /><testcase classname="backend.tests.test_iter18_weekly_tips_winners.TestWeeklyLeaderboard" name="test_leaderboard_unsettled" time="0.101" /><testcase classname="backend.tests.test_iter18_weekly_tips_winners.TestAdminWeekly" name="test_admin_requires_auth" time="0.107" /><testcase classname="backend.tests.test_iter18_weekly_tips_winners.TestAdminWeekly" name="test_admin_prize_update" time="0.214" /><testcase classname="backend.tests.test_iter18_weekly_tips_winners.TestAdminWeekly" name="test_admin_results_settle_and_lock_and_draw" time="0.212" /><testcase classname="backend.tests.test_iter18_weekly_tips_winners.TestAdminWeekly" name="test_admin_draw_on_live_week" time="0.849" /><testcase classname="backend.tests.test_iter18_weekly_tips_winners.TestOddsUpcoming" name="test_upcoming_7d_shape" time="0.671" /><testcase classname="backend.tests.test_iter18_weekly_tips_winners.TestWinners" name="test_winners_recent_shape" time="0.121" /><testcase classname="backend.tests.test_iter18_weekly_tips_winners.TestWinners" name="test_winner_create_profit_and_delete" time="0.309" /><testcase classname="backend.tests.test_iter18_weekly_tips_winners.TestWinners" name="test_winner_admin_requires_auth" time="0.325" /></testsuite></testsuites>