<?xml version="1.0" encoding="utf-8"?><testsuites name="pytest tests"><testsuite name="pytest" errors="0" failures="0" skipped="0" tests="8" time="0.896" timestamp="2026-05-18T17:34:49.507943+00:00" hostname="agent-env-2ffbe3ed-05fb-4362-9c63-f841eff76b28"><testcase classname="backend.tests.test_iter20_phase52_batch2.TestRosterSummary" name="test_roster_summary_totals" time="0.206" /><testcase classname="backend.tests.test_iter20_phase52_batch2.TestArticleViews" name="test_bump_view_and_dedup" time="0.144" /><testcase classname="backend.tests.test_iter20_phase52_batch2.TestArticleViews" name="test_get_stats" time="0.098" /><testcase classname="backend.tests.test_iter20_phase52_batch2.TestArticleViews" name="test_stats_unknown_slug" time="0.050" /><testcase classname="backend.tests.test_iter20_phase52_batch2.TestArticleViews" name="test_bulk_stats" time="0.177" /><testcase classname="backend.tests.test_iter20_phase52_batch2.TestArticleViews" name="test_bulk_stats_empty_ids" time="0.047" /><testcase classname="backend.tests.test_iter20_phase52_batch2.TestWinnersRecent" name="test_five_historical_entries" time="0.049" /><testcase classname="backend.tests.test_iter20_phase52_batch2.TestWinnersRecent" name="test_includes_known_matches" time="0.048" /></testsuite></testsuites>