<?xml version="1.0" encoding="utf-8"?><testsuites name="pytest tests"><testsuite name="pytest" errors="0" failures="0" skipped="0" tests="11" time="1.070" timestamp="2026-05-18T22:21:52.248717+00:00" hostname="agent-env-2ffbe3ed-05fb-4362-9c63-f841eff76b28"><testcase classname="backend.tests.test_chunk_a_news_portal.TestChronological" name="test_returns_items_with_expected_shape" time="0.237" /><testcase classname="backend.tests.test_chunk_a_news_portal.TestChronological" name="test_sorted_desc_by_captured_at" time="0.049" /><testcase classname="backend.tests.test_chunk_a_news_portal.TestChronological" name="test_limit_clamped_to_40" time="0.050" /><testcase classname="backend.tests.test_chunk_a_news_portal.TestFeatured" name="test_returns_max_2_by_default" time="0.053" /><testcase classname="backend.tests.test_chunk_a_news_portal.TestFeatured" name="test_each_item_has_hero_fields" time="0.053" /><testcase classname="backend.tests.test_chunk_a_news_portal.TestFeatured" name="test_hero_when_present_carries_photo_credit" time="0.048" /><testcase classname="backend.tests.test_chunk_a_news_portal.TestFeatured" name="test_hero_url_is_locally_cached_not_hotlinked" time="0.053" /><testcase classname="backend.tests.test_chunk_a_news_portal.TestOgBlocklist" name="test_list_requires_admin_token" time="0.050" /><testcase classname="backend.tests.test_chunk_a_news_portal.TestOgBlocklist" name="test_full_crud_cycle" time="0.260" /><testcase classname="backend.tests.test_chunk_a_news_portal.TestOgBlocklist" name="test_rejects_invalid_domain" time="0.047" /><testcase classname="backend.tests.test_chunk_a_news_portal.TestOgBlocklist" name="test_strips_www_and_lowercases" time="0.099" /></testsuite></testsuites>