<?xml version="1.0" encoding="utf-8"?><testsuites name="pytest tests"><testsuite name="pytest" errors="0" failures="0" skipped="0" tests="7" time="1.780" timestamp="2026-05-20T18:08:56.775801+00:00" hostname="agent-env-2ffbe3ed-05fb-4362-9c63-f841eff76b28"><testcase classname="tests.test_iter45_mestari_public" name="test_meta_poker" time="0.246" /><testcase classname="tests.test_iter45_mestari_public" name="test_meta_blackjack" time="0.164" /><testcase classname="tests.test_iter45_mestari_public" name="test_meta_roulette_404" time="0.132" /><testcase classname="tests.test_iter45_mestari_public" name="test_resolve_poker_strategist" time="0.142" /><testcase classname="tests.test_iter45_mestari_public" name="test_resolve_blackjack_folk_rule" time="0.132" /><testcase classname="tests.test_iter45_mestari_public" name="test_lead_idempotency_and_validation" time="0.622" /><testcase classname="tests.test_iter45_mestari_public" name="test_tracking_pixel_and_click" time="0.261" /></testsuite></testsuites>