<?xml version="1.0" encoding="utf-8"?><testsuites name="pytest tests"><testsuite name="pytest" errors="0" failures="0" skipped="0" tests="10" time="3.364" timestamp="2026-05-18T18:04:13.210305+00:00" hostname="agent-env-2ffbe3ed-05fb-4362-9c63-f841eff76b28"><testcase classname="backend.tests.test_iter21_most_read.TestMostReadRail" name="test_default_hours1_limit5" time="2.725" /><testcase classname="backend.tests.test_iter21_most_read.TestMostReadRail" name="test_hours24_limit3_respected" time="0.067" /><testcase classname="backend.tests.test_iter21_most_read.TestMostReadRail" name="test_limit1" time="0.063" /><testcase classname="backend.tests.test_iter21_most_read.TestMostReadRail" name="test_limit_clamp_upper" time="0.061" /><testcase classname="backend.tests.test_iter21_most_read.TestMostReadRail" name="test_hours_clamp_upper" time="0.072" /><testcase classname="backend.tests.test_iter21_most_read.TestMostReadRail" name="test_hours_clamp_lower" time="0.057" /><testcase classname="backend.tests.test_iter21_most_read.TestMostReadRail" name="test_limit_clamp_lower" time="0.060" /><testcase classname="backend.tests.test_iter21_most_read.TestMostReadRail" name="test_items_sorted_desc_by_views" time="0.058" /><testcase classname="backend.tests.test_iter21_most_read.TestMostReadRail" name="test_no_mongo_objectid_leak" time="0.066" /><testcase classname="backend.tests.test_iter21_most_read.TestMostReadRail" name="test_top_item_seeded_value" time="0.056" /></testsuite></testsuites>