<?xml version="1.0" encoding="utf-8"?><testsuites name="pytest tests"><testsuite name="pytest" errors="0" failures="0" skipped="0" tests="10" time="0.569" timestamp="2026-05-21T07:44:27.555367+00:00" hostname="agent-env-2ffbe3ed-05fb-4362-9c63-f841eff76b28"><testcase classname="backend.tests.test_iter51_news_watch" name="test_stats_returns_required_keys" time="0.039" /><testcase classname="backend.tests.test_iter51_news_watch" name="test_stats_requires_admin" time="0.020" /><testcase classname="backend.tests.test_iter51_news_watch" name="test_feed_archive_returns_items" time="0.021" /><testcase classname="backend.tests.test_iter51_news_watch" name="test_feed_ticker_returns_items" time="0.021" /><testcase classname="backend.tests.test_iter51_news_watch" name="test_feed_respects_source_filter" time="0.022" /><testcase classname="backend.tests.test_iter51_news_watch" name="test_rejected_endpoint_shape" time="0.021" /><testcase classname="backend.tests.test_iter51_news_watch" name="test_promote_then_demote_round_trip" time="0.091" /><testcase classname="backend.tests.test_iter51_news_watch" name="test_kill_and_unkill_round_trip" time="0.087" /><testcase classname="backend.tests.test_iter51_news_watch" name="test_endpoints_require_url" time="0.082" /><testcase classname="backend.tests.test_iter51_news_watch" name="test_endpoints_require_admin" time="0.094" /></testsuite></testsuites>