<?xml version="1.0" encoding="utf-8"?><testsuites name="pytest tests"><testsuite name="pytest" errors="0" failures="0" skipped="0" tests="10" time="5.940" timestamp="2026-05-25T18:29:48.375201+00:00" hostname="agent-env-2ffbe3ed-05fb-4362-9c63-f841eff76b28"><testcase classname="backend.tests.test_iter66_mittari_unified" name="test_dial" time="2.527" /><testcase classname="backend.tests.test_iter66_mittari_unified" name="test_cockpit" time="0.115" /><testcase classname="backend.tests.test_iter66_mittari_unified" name="test_mittari_stats" time="0.114" /><testcase classname="backend.tests.test_iter66_mittari_unified" name="test_streamers_live_platform[twitch]" time="0.703" /><testcase classname="backend.tests.test_iter66_mittari_unified" name="test_streamers_live_platform[kick]" time="1.202" /><testcase classname="backend.tests.test_iter66_mittari_unified" name="test_streamers_live_platform[youtube]" time="0.631" /><testcase classname="backend.tests.test_iter66_mittari_unified" name="test_streamers_live_no_platform" time="0.134" /><testcase classname="backend.tests.test_iter66_mittari_unified" name="test_admin_streamers_get" time="0.142" /><testcase classname="backend.tests.test_iter66_mittari_unified" name="test_admin_streamers_put_no_422" time="0.178" /><testcase classname="backend.tests.test_iter66_mittari_unified" name="test_admin_streamers_put_missing_token_401" time="0.111" /></testsuite></testsuites>