<?xml version="1.0" encoding="utf-8"?><testsuites name="pytest tests"><testsuite name="pytest" errors="0" failures="0" skipped="0" tests="9" time="1.906" timestamp="2026-05-20T14:37:25.622529+00:00" hostname="agent-env-2ffbe3ed-05fb-4362-9c63-f841eff76b28"><testcase classname="backend.tests.test_sprint_a_mestari_voita.TestVoitaLeadSource" name="test_source_mestari_tags_mestari_landing" time="0.460" /><testcase classname="backend.tests.test_sprint_a_mestari_voita.TestVoitaLeadSource" name="test_source_missing_defaults_to_voita" time="0.128" /><testcase classname="backend.tests.test_sprint_a_mestari_voita.TestVoitaLeadSource" name="test_source_empty_string_defaults_to_voita" time="0.142" /><testcase classname="backend.tests.test_sprint_a_mestari_voita.TestVoitaLeadSource" name="test_source_invalid_falls_back_to_voita" time="0.162" /><testcase classname="backend.tests.test_sprint_a_mestari_voita.TestVoitaEntryNewFields" name="test_entry_telegram_channel_with_confidence_and_pending_id" time="0.233" /><testcase classname="backend.tests.test_sprint_a_mestari_voita.TestVoitaEntryNewFields" name="test_entry_email_channel" time="0.152" /><testcase classname="backend.tests.test_sprint_a_mestari_voita.TestVoitaEntryNewFields" name="test_entry_invalid_channel_normalised_to_none" time="0.130" /><testcase classname="backend.tests.test_sprint_a_mestari_voita.TestVoitaEntryNewFields" name="test_entry_confidence_out_of_range_rejected" time="0.220" /><testcase classname="backend.tests.test_sprint_a_mestari_voita.TestVoitaEntryNewFields" name="test_entry_pending_id_truncated_at_64" time="0.127" /></testsuite></testsuites>