<?xml version="1.0" encoding="utf-8"?><testsuites name="pytest tests"><testsuite name="pytest" errors="0" failures="0" skipped="0" tests="54" time="2.375" timestamp="2026-05-18T21:10:38.872634+00:00" hostname="agent-env-2ffbe3ed-05fb-4362-9c63-f841eff76b28"><testcase classname="tests.test_iter23_source_citation.TestSourceCitationValidator" name="test_passes_with_yle_citation" time="0.000" /><testcase classname="tests.test_iter23_source_citation.TestSourceCitationValidator" name="test_passes_with_hs_citation" time="0.000" /><testcase classname="tests.test_iter23_source_citation.TestSourceCitationValidator" name="test_passes_with_english_citation" time="0.000" /><testcase classname="tests.test_iter23_source_citation.TestSourceCitationValidator" name="test_rejects_no_citation_phrase" time="0.000" /><testcase classname="tests.test_iter23_source_citation.TestSourceCitationValidator" name="test_rejects_no_named_source" time="0.000" /><testcase classname="tests.test_iter23_source_citation.TestSourceCitationValidator" name="test_streamer_alert_exempt" time="0.000" /><testcase classname="tests.test_iter23_source_citation.TestSourceCitationValidator" name="test_sports_recap_data_attribution_accepted" time="0.000" /><testcase classname="tests.test_iter23_source_citation.TestSourceCitationValidator" name="test_late_citation_outside_window_still_rejected" time="0.000" /><testcase classname="tests.test_iter23_phase1.TestNewsTicker" name="test_news_ticker_shape" time="0.160" /><testcase classname="tests.test_iter23_phase1.TestNewsTicker" name="test_news_ticker_all_items_above_threshold" time="0.071" /><testcase classname="tests.test_iter23_phase1.TestOddsFeatured" name="test_picks_have_sharpness_object" time="0.070" /><testcase classname="tests.test_iter23_phase1.TestOddsFeatured" name="test_avg_implied_now_stripped" time="0.069" /><testcase classname="tests.test_iter23_phase1.TestMarketWatch" name="test_market_watch_shape" time="0.073" /><testcase classname="tests.test_iter23_phase1.TestDialAlertSubscribe" name="test_subscribe_accepts_min_state[VIPIN\xc4]" time="0.080" /><testcase classname="tests.test_iter23_phase1.TestDialAlertSubscribe" name="test_subscribe_accepts_min_state[MEININKI]" time="0.065" /><testcase classname="tests.test_iter23_phase1.TestDialAlertSubscribe" name="test_subscribe_accepts_min_state[PERKELE]" time="0.080" /><testcase classname="tests.test_iter23_phase1.TestDialAlertSubscribe" name="test_subscribe_accepts_min_state[ACTIVE]" time="0.054" /><testcase classname="tests.test_iter23_phase1.TestDialAlertSubscribe" name="test_subscribe_accepts_min_state[ROLLING]" time="0.070" /><testcase classname="tests.test_iter23_phase1.TestDialAlertSubscribe" name="test_subscribe_accepts_min_state[WARM]" time="0.064" /><testcase classname="tests.test_iter23_phase1.TestDialAlertSubscribe" name="test_subscribe_accepts_min_state[RUSH]" time="0.052" /><testcase classname="tests.test_iter23_phase1.TestDialAlertSubscribe" name="test_subscribe_accepts_min_state[JACKPOT]" time="1.077" /><testcase classname="tests.test_iter23_phase1.TestDialAlertSubscribe" name="test_subscribe_accepts_min_state[TULOSSA]" time="0.103" /><testcase classname="tests.test_iter23_phase1.TestDialAlertSubscribe" name="test_subscribe_accepts_min_state[VOITTOPUTKI]" time="0.065" /><testcase classname="tests.test_iter23_phase1.TestDialAlertSubscribe" name="test_subscribe_accepts_min_state[RY\xd6ST\xd6PUTKI]" time="0.054" /><testcase classname="tests.test_iter23_phase1.TestDialAlertSubscribe" name="test_subscribe_rejects_unknown_state" time="0.048" /><testcase classname="tests.test_iter23_sharpness.TestImpliedProbScore" name="test_strong_favourite_maps_high" time="0.000" /><testcase classname="tests.test_iter23_sharpness.TestImpliedProbScore" name="test_coin_flip_maps_mid" time="0.000" /><testcase classname="tests.test_iter23_sharpness.TestImpliedProbScore" name="test_long_shot_maps_low" time="0.001" /><testcase classname="tests.test_iter23_sharpness.TestImpliedProbScore" name="test_invalid_odds_returns_zero" time="0.000" /><testcase classname="tests.test_iter23_sharpness.TestConsensusTightness" name="test_perfectly_aligned_books" time="0.000" /><testcase classname="tests.test_iter23_sharpness.TestConsensusTightness" name="test_typical_tight_market" time="0.000" /><testcase classname="tests.test_iter23_sharpness.TestConsensusTightness" name="test_spread_market" time="0.002" /><testcase classname="tests.test_iter23_sharpness.TestConsensusTightness" name="test_single_book_returns_conservative_mid" time="0.001" /><testcase classname="tests.test_iter23_sharpness.TestConsensusTightness" name="test_no_books_returns_conservative_mid" time="0.000" /><testcase classname="tests.test_iter23_sharpness.TestRecencyMomentum" name="test_no_history_defaults_to_fifty" time="0.000" /><testcase classname="tests.test_iter23_sharpness.TestRecencyMomentum" name="test_consensus_tightened" time="0.000" /><testcase classname="tests.test_iter23_sharpness.TestRecencyMomentum" name="test_consensus_softened" time="0.001" /><testcase classname="tests.test_iter23_sharpness.TestComputeSharpness" name="test_strong_favourite_clear_band" time="0.000" /><testcase classname="tests.test_iter23_sharpness.TestComputeSharpness" name="test_mid_favourite_mixed_band" time="0.000" /><testcase classname="tests.test_iter23_sharpness.TestComputeSharpness" name="test_tightened_momentum_attaches_modifier" time="0.001" /><testcase classname="tests.test_iter23_sharpness.TestComputeSharpness" name="test_softened_momentum_attaches_modifier" time="0.000" /><testcase classname="tests.test_iter23_sharpness.TestComputeSharpness" name="test_components_published_for_transparency" time="0.000" /><testcase classname="tests.test_iter23_sharpness.TestBookExtraction" name="test_extract_book_implied_probs" time="0.000" /><testcase classname="tests.test_iter23_sharpness.TestBookExtraction" name="test_avg_implied_for_fav" time="0.000" /><testcase classname="tests.test_iter23_sharpness.TestBookExtraction" name="test_avg_implied_no_books_returns_zero" time="0.000" /><testcase classname="tests.test_iter23_news_classifier.TestRelevanceThresholds" name="test_default_threshold_is_45" time="0.000" /><testcase classname="tests.test_iter23_news_classifier.TestRelevanceThresholds" name="test_default_archive_min_is_20" time="0.000" /><testcase classname="tests.test_iter23_news_classifier.TestClassifier" name="test_tier1_source_gambling_keyword_high_severity" time="0.000" /><testcase classname="tests.test_iter23_news_classifier.TestClassifier" name="test_tier3_google_news_sports_kw" time="0.000" /><testcase classname="tests.test_iter23_news_classifier.TestClassifier" name="test_low_relevance_dropped" time="0.000" /><testcase classname="tests.test_iter23_news_classifier.TestClassifier" name="test_regulation_keyword_routes_correctly" time="0.000" /><testcase classname="tests.test_iter23_news_classifier.TestClassifier" name="test_scene_keyword_routes_correctly" time="0.000" /><testcase classname="tests.test_iter23_news_classifier.TestClassifier" name="test_empty_title_safe" time="0.000" /><testcase classname="tests.test_iter23_news_classifier.TestClassifier" name="test_feed_category_fallback_when_no_keyword_match" time="0.000" /></testsuite></testsuites>