<?xml version="1.0" encoding="utf-8"?><testsuites name="pytest tests"><testsuite name="pytest" errors="0" failures="0" skipped="0" tests="22" time="1.644" timestamp="2026-05-19T19:54:20.306213+00:00" hostname="agent-env-2ffbe3ed-05fb-4362-9c63-f841eff76b28"><testcase classname="backend.tests.test_sprint_voita_zinger.TestQuizConfigShape" name="test_five_lessons_all_have_zinger_fi_en" time="0.197" /><testcase classname="backend.tests.test_sprint_voita_zinger.TestQuizConfigShape" name="test_q1_zinger_en_mentions_favorites" time="0.000" /><testcase classname="backend.tests.test_sprint_voita_zinger.TestQuizConfigShape" name="test_q3_tags_are_bias_vocab" time="0.000" /><testcase classname="backend.tests.test_sprint_voita_zinger.TestQuizConfigShape" name="test_q3_options_have_zinger_personalized_fi_en" time="0.000" /><testcase classname="backend.tests.test_sprint_voita_zinger.TestQuizConfigShape" name="test_q3_overthink_personalized_zinger_copy" time="0.000" /><testcase classname="backend.tests.test_sprint_voita_zinger.TestQuizConfigShape" name="test_q5_has_four_mode_options" time="0.000" /><testcase classname="backend.tests.test_sprint_voita_zinger.TestPredictorProfiles" name="test_eleven_profiles_total" time="0.000" /><testcase classname="backend.tests.test_sprint_voita_zinger.TestPredictorProfiles" name="test_required_new_slugs_present" time="0.000" /><testcase classname="backend.tests.test_sprint_voita_zinger.TestPredictorProfiles" name="test_dropped_profiles_absent" time="0.000" /><testcase classname="backend.tests.test_sprint_voita_zinger.TestPredictorProfiles" name="test_each_profile_has_on_site_tease_fi_en" time="0.000" /><testcase classname="backend.tests.test_sprint_voita_zinger.TestPredictorProfiles" name="test_only_curious_learner_is_default" time="0.000" /><testcase classname="backend.tests.test_sprint_voita_zinger.TestResolverNewVocab" name="test_resolver_matrix[answers0-confident_loyalist]" time="0.172" /><testcase classname="backend.tests.test_sprint_voita_zinger.TestResolverNewVocab" name="test_resolver_matrix[answers1-cautious_analyst]" time="0.106" /><testcase classname="backend.tests.test_sprint_voita_zinger.TestResolverNewVocab" name="test_resolver_matrix[answers2-second_guesser]" time="0.114" /><testcase classname="backend.tests.test_sprint_voita_zinger.TestResolverNewVocab" name="test_resolver_matrix[answers3-chaos_bettor]" time="0.115" /><testcase classname="backend.tests.test_sprint_voita_zinger.TestResolverNewVocab" name="test_resolver_matrix[answers4-honest_beginner]" time="0.123" /><testcase classname="backend.tests.test_sprint_voita_zinger.TestResolverNewVocab" name="test_resolver_matrix[answers5-gut_player]" time="0.132" /><testcase classname="backend.tests.test_sprint_voita_zinger.TestResolverNewVocab" name="test_resolver_matrix[answers6-rival_hunter]" time="0.108" /><testcase classname="backend.tests.test_sprint_voita_zinger.TestResolverNewVocab" name="test_resolver_matrix[answers7-curious_learner]" time="0.118" /><testcase classname="backend.tests.test_sprint_voita_zinger.TestComplianceLinter" name="test_forbidden_zinger_en_in_quiz_config_blocked" time="0.111" /><testcase classname="backend.tests.test_sprint_voita_zinger.TestComplianceLinter" name="test_forbidden_on_site_tease_en_in_profile_blocked" time="0.134" /><testcase classname="backend.tests.test_sprint_voita_zinger.TestRaffleEntryRegression" name="test_post_raffle_enter_returns_2xx" time="0.117" /></testsuite></testsuites>