<?xml version="1.0" encoding="utf-8"?><testsuites name="pytest tests"><testsuite name="pytest" errors="0" failures="0" skipped="0" tests="15" time="0.899" timestamp="2026-05-19T12:13:54.543517+00:00" hostname="agent-env-2ffbe3ed-05fb-4362-9c63-f841eff76b28"><testcase classname="tests.test_sprint_dispatch_daily.TestNewsroomAlertsMetric" name="test_field_present" time="0.200" /><testcase classname="tests.test_sprint_dispatch_daily.TestStreamersRecentAlerts" name="test_default_window" time="0.048" /><testcase classname="tests.test_sprint_dispatch_daily.TestStreamersRecentAlerts" name="test_custom_window_clamped" time="0.050" /><testcase classname="tests.test_sprint_dispatch_daily.TestStreamersRecentAlerts" name="test_minimum_window_floor" time="0.045" /><testcase classname="tests.test_sprint_dispatch_daily.TestDispatchEndpoints" name="test_auth_required" time="0.142" /><testcase classname="tests.test_sprint_dispatch_daily.TestDispatchEndpoints" name="test_run_dry_run_writes_audit" time="0.153" /><testcase classname="tests.test_sprint_dispatch_daily.TestDispatchEndpoints" name="test_log_returns_cycle_rows" time="0.110" /><testcase classname="tests.test_sprint_dispatch_daily.TestDispatchEndpoints" name="test_summary_aggregates" time="0.050" /><testcase classname="tests.test_sprint_dispatch_daily.TestDispatchModuleUnit" name="test_helsinki_now_returns_tz_aware" time="0.004" /><testcase classname="tests.test_sprint_dispatch_daily.TestDispatchModuleUnit" name="test_today_key_format" time="0.000" /><testcase classname="tests.test_sprint_dispatch_daily.TestDispatchModuleUnit" name="test_channel_live_mode_dry_run_when_no_keys" time="0.000" /><testcase classname="tests.test_sprint_dispatch_daily.TestDispatchModuleUnit" name="test_channel_live_mode_live_when_keys_present" time="0.000" /><testcase classname="tests.test_sprint_dispatch_daily.TestDispatchModuleUnit" name="test_render_sms_text_no_picks" time="0.000" /><testcase classname="tests.test_sprint_dispatch_daily.TestDispatchModuleUnit" name="test_render_sms_text_with_picks_within_limit" time="0.000" /><testcase classname="tests.test_sprint_dispatch_daily.TestDispatchModuleUnit" name="test_render_email_text_includes_mittari_section" time="0.002" /></testsuite></testsuites>