<?xml version="1.0" encoding="utf-8"?><testsuites name="pytest tests"><testsuite name="pytest" errors="0" failures="0" skipped="0" tests="10" time="1.854" timestamp="2026-05-20T17:24:22.491733+00:00" hostname="agent-env-2ffbe3ed-05fb-4362-9c63-f841eff76b28"><testcase classname="tests.test_sprint_email_tracking" name="test_new_token_is_unique_and_urlsafe" time="0.000" /><testcase classname="tests.test_sprint_email_tracking" name="test_build_pixel_url_uses_token_path" time="0.000" /><testcase classname="tests.test_sprint_email_tracking" name="test_build_click_url_wraps_allowlisted_only" time="0.000" /><testcase classname="tests.test_sprint_email_tracking" name="test_inject_tracking_appends_pixel_before_closer" time="0.000" /><testcase classname="tests.test_sprint_email_tracking" name="test_decode_target_allowlist" time="0.000" /><testcase classname="tests.test_sprint_email_tracking" name="test_track_open_pixel_returns_gif" time="0.006" /><testcase classname="tests.test_sprint_email_tracking" name="test_track_click_redirect_to_allowlisted_url" time="0.003" /><testcase classname="tests.test_sprint_email_tracking" name="test_track_click_rejects_untrusted_host" time="0.001" /><testcase classname="tests.test_sprint_email_tracking" name="test_enqueue_writes_track_token_and_zero_counters" time="0.007" /><testcase classname="tests.test_sprint_email_tracking" name="test_aaa_outbox_summary_includes_tracking_totals" time="0.025" /></testsuite></testsuites>