<?xml version="1.0" encoding="utf-8"?><testsuites name="pytest tests"><testsuite name="pytest" errors="0" failures="0" skipped="0" tests="40" time="3.967" timestamp="2026-05-20T18:07:45.170683+00:00" hostname="agent-env-2ffbe3ed-05fb-4362-9c63-f841eff76b28"><testcase classname="tests.test_sprint_mestari_multi" name="test_poker_question_shape" time="0.000" /><testcase classname="tests.test_sprint_mestari_multi" name="test_blackjack_question_shape" time="0.000" /><testcase classname="tests.test_sprint_mestari_multi" name="test_poker_resolve_strategist_path" time="0.000" /><testcase classname="tests.test_sprint_mestari_multi" name="test_poker_resolve_rock_path" time="0.000" /><testcase classname="tests.test_sprint_mestari_multi" name="test_poker_resolver_is_deterministic" time="0.000" /><testcase classname="tests.test_sprint_mestari_multi" name="test_blackjack_resolve_disciplined_path" time="0.000" /><testcase classname="tests.test_sprint_mestari_multi" name="test_blackjack_resolve_hunch_path" time="0.000" /><testcase classname="tests.test_sprint_mestari_multi" name="test_poker_profiles_have_required_fields" time="0.000" /><testcase classname="tests.test_sprint_mestari_multi" name="test_blackjack_profiles_have_required_fields" time="0.000" /><testcase classname="tests.test_sprint_mestari_multi" name="test_capture_diagnostic_lead_persists_and_is_idempotent" time="0.025" /><testcase classname="tests.test_sprint_mestari_multi" name="test_capture_diagnostic_lead_rejects_invalid_inputs" time="0.001" /><testcase classname="tests.test_sprint_mestari_multi" name="test_aaa_public_endpoints_smoke" time="0.067" /><testcase classname="tests.test_sprint_email_tracking" name="test_new_token_is_unique_and_urlsafe" time="0.000" /><testcase classname="tests.test_sprint_email_tracking" name="test_build_pixel_url_uses_token_path" time="0.000" /><testcase classname="tests.test_sprint_email_tracking" name="test_build_click_url_wraps_allowlisted_only" time="0.001" /><testcase classname="tests.test_sprint_email_tracking" name="test_inject_tracking_appends_pixel_before_closer" time="0.001" /><testcase classname="tests.test_sprint_email_tracking" name="test_decode_target_allowlist" time="0.000" /><testcase classname="tests.test_sprint_email_tracking" name="test_track_open_pixel_returns_gif" time="0.006" /><testcase classname="tests.test_sprint_email_tracking" name="test_track_click_redirect_to_allowlisted_url" time="0.003" /><testcase classname="tests.test_sprint_email_tracking" name="test_track_click_rejects_untrusted_host" time="0.002" /><testcase classname="tests.test_sprint_email_tracking" name="test_enqueue_writes_track_token_and_zero_counters" time="0.007" /><testcase classname="tests.test_sprint_email_tracking" name="test_aaa_outbox_summary_includes_tracking_totals" time="0.025" /><testcase classname="tests.test_sprint_a_mestari_voita.TestVoitaLeadSource" name="test_source_mestari_tags_mestari_landing" time="0.508" /><testcase classname="tests.test_sprint_a_mestari_voita.TestVoitaLeadSource" name="test_source_missing_defaults_to_voita" time="0.154" /><testcase classname="tests.test_sprint_a_mestari_voita.TestVoitaLeadSource" name="test_source_empty_string_defaults_to_voita" time="0.129" /><testcase classname="tests.test_sprint_a_mestari_voita.TestVoitaLeadSource" name="test_source_invalid_falls_back_to_voita" time="0.205" /><testcase classname="tests.test_sprint_a_mestari_voita.TestVoitaEntryNewFields" name="test_entry_telegram_channel_with_confidence_and_pending_id" time="0.127" /><testcase classname="tests.test_sprint_a_mestari_voita.TestVoitaEntryNewFields" name="test_entry_email_channel" time="0.141" /><testcase classname="tests.test_sprint_a_mestari_voita.TestVoitaEntryNewFields" name="test_entry_invalid_channel_normalised_to_none" time="0.129" /><testcase classname="tests.test_sprint_a_mestari_voita.TestVoitaEntryNewFields" name="test_entry_confidence_out_of_range_rejected" time="0.206" /><testcase classname="tests.test_sprint_a_mestari_voita.TestVoitaEntryNewFields" name="test_entry_pending_id_truncated_at_64" time="0.196" /><testcase classname="tests.test_phase3_v2_voyager_rotation.TestVoyagerRotation" name="test_admin_listing_shape" time="0.006" /><testcase classname="tests.test_phase3_v2_voyager_rotation.TestVoyagerRotation" name="test_public_current_week_empty_when_unset" time="0.005" /><testcase classname="tests.test_phase3_v2_voyager_rotation.TestVoyagerRotation" name="test_upsert_requires_partner_operator" time="0.003" /><testcase classname="tests.test_phase3_v2_voyager_rotation.TestVoyagerRotation" name="test_upsert_with_partner_operator_succeeds" time="0.004" /><testcase classname="tests.test_phase3_v2_voyager_rotation.TestVoyagerRotation" name="test_rejects_invalid_iso_format" time="0.002" /><testcase classname="tests.test_phase3_v2_voyager_rotation.TestVoyagerRotation" name="test_rejects_unknown_operator" time="0.003" /><testcase classname="tests.test_phase3_v2_voyager_rotation.TestVoyagerRotation" name="test_delete_roundtrip" time="0.006" /><testcase classname="tests.test_phase3_v2_voyager_rotation.TestVoyagerRotation" name="test_public_voyager_weeks_returns_upcoming" time="0.006" /><testcase classname="tests.test_phase3_v2_voyager_rotation.TestVoyagerRotation" name="test_admin_requires_token" time="0.002" /></testsuite></testsuites>