<?xml version="1.0" encoding="utf-8"?><testsuites name="pytest tests"><testsuite name="pytest" errors="0" failures="0" skipped="0" tests="6" time="1.807" timestamp="2026-05-23T15:38:20.008309+00:00" hostname="agent-env-2ffbe3ed-05fb-4362-9c63-f841eff76b28"><testcase classname="backend.tests.test_iter63_identity_card.TestQuizCard" name="test_quiz_finish_returns_card" time="0.295" /><testcase classname="backend.tests.test_iter63_identity_card.TestScenarioCard" name="test_scenario_finish_returns_card" time="0.225" /><testcase classname="backend.tests.test_iter63_identity_card.TestInsightCard" name="test_insight_finish_returns_card" time="0.538" /><testcase classname="backend.tests.test_iter63_identity_card.TestArcadeCard" name="test_arcade_submit_returns_card[snake]" time="0.241" /><testcase classname="backend.tests.test_iter63_identity_card.TestArcadeCard" name="test_arcade_submit_returns_card[tap]" time="0.225" /><testcase classname="backend.tests.test_iter63_identity_card.TestPercentileCopy" name="test_quiz_percentile_format" time="0.216" /></testsuite></testsuites>