<?xml version="1.0" encoding="utf-8"?><testsuites name="pytest tests"><testsuite name="pytest" errors="0" failures="0" skipped="0" tests="24" time="14.683" timestamp="2026-05-19T13:37:44.866277+00:00" hostname="agent-env-2ffbe3ed-05fb-4362-9c63-f841eff76b28"><testcase classname="tests.test_sprint_dispatch_preview.TestCyclesEndpoint" name="test_list_default_window" time="0.908" /><testcase classname="tests.test_sprint_dispatch_preview.TestCyclesEndpoint" name="test_list_window_param" time="0.717" /><testcase classname="tests.test_sprint_dispatch_preview.TestCycleDetail" name="test_404_for_unknown" time="0.067" /><testcase classname="tests.test_sprint_dispatch_preview.TestCycleDetail" name="test_detail_shape" time="0.520" /><testcase classname="tests.test_sprint_dispatch_preview.TestFlagging" name="test_flag_with_dropdown_only" time="0.362" /><testcase classname="tests.test_sprint_dispatch_preview.TestFlagging" name="test_flag_with_note" time="1.012" /><testcase classname="tests.test_sprint_dispatch_preview.TestFlagging" name="test_flag_invalid_reason" time="1.422" /><testcase classname="tests.test_sprint_dispatch_preview.TestFlagging" name="test_flag_unknown_send" time="0.071" /><testcase classname="tests.test_sprint_dispatch_preview.TestFlagging" name="test_flag_upsert_then_clear" time="1.991" /><testcase classname="tests.test_sprint_dispatch_preview.TestFlagging" name="test_flags_listing" time="1.732" /><testcase classname="tests.test_sprint_dispatch_preview.TestSegmentOverrides" name="test_default_dry_run_when_unset" time="0.066" /><testcase classname="tests.test_sprint_dispatch_preview.TestSegmentOverrides" name="test_set_live_segment_only" time="0.065" /><testcase classname="tests.test_sprint_dispatch_preview.TestSegmentOverrides" name="test_set_live_global" time="0.068" /><testcase classname="tests.test_sprint_dispatch_preview.TestSegmentOverrides" name="test_reject_unknown_mode" time="0.467" /><testcase classname="tests.test_sprint_dispatch_preview.TestSegmentOverrides" name="test_reject_unknown_channel" time="0.074" /><testcase classname="tests.test_sprint_dispatch_preview.TestSegmentOverrides" name="test_listing_returns_set_rows" time="0.354" /><testcase classname="tests.test_sprint_dispatch_preview.TestTargetedTestSend" name="test_requires_recipients" time="0.063" /><testcase classname="tests.test_sprint_dispatch_preview.TestTargetedTestSend" name="test_safety_drops_non_optin" time="0.065" /><testcase classname="tests.test_sprint_dispatch_preview.TestTargetedTestSend" name="test_only_filters_to_listed_recipient" time="1.942" /><testcase classname="tests.test_sprint_dispatch_preview.TestTargetedTestSend" name="test_channels_filter_scoped" time="0.199" /><testcase classname="tests.test_sprint_dispatch_preview.TestVoitaMatchPopulatedAuto" name="test_auto_true_when_fields_complete" time="0.083" /><testcase classname="tests.test_sprint_dispatch_preview.TestVoitaMatchPopulatedAuto" name="test_auto_false_when_kickoff_missing" time="0.075" /><testcase classname="tests.test_sprint_dispatch_preview.TestVoitaMatchPopulatedAuto" name="test_patch_ignores_manual_match_populated" time="2.125" /><testcase classname="tests.test_sprint_dispatch_preview.TestVoitaMatchPopulatedAuto" name="test_patching_kickoff_flips_auto_true" time="0.135" /></testsuite></testsuites>