<?xml version="1.0" encoding="utf-8"?><testsuites name="pytest tests"><testsuite name="pytest" errors="0" failures="1" skipped="0" tests="13" time="1.223" timestamp="2026-05-18T22:40:37.106087+00:00" hostname="agent-env-2ffbe3ed-05fb-4362-9c63-f841eff76b28"><testcase classname="backend.tests.test_chunk_b_landing_pages.TestSettings" name="test_public_exposes_voita_flag" time="0.189" /><testcase classname="backend.tests.test_chunk_b_landing_pages.TestSettings" name="test_admin_can_toggle_voita_flag" time="0.300" /><testcase classname="backend.tests.test_chunk_b_landing_pages.TestOptin" name="test_email_capture_creates_record" time="0.047" /><testcase classname="backend.tests.test_chunk_b_landing_pages.TestOptin" name="test_sms_capture_with_default_bets_tag" time="0.047" /><testcase classname="backend.tests.test_chunk_b_landing_pages.TestOptin" name="test_telegram_capture_strips_at_and_lowercases" time="0.051" /><testcase classname="backend.tests.test_chunk_b_landing_pages.TestOptin" name="test_email_required_for_email_channel" time="0.043" /><testcase classname="backend.tests.test_chunk_b_landing_pages.TestOptin" name="test_phone_required_for_sms_channel" time="0.049" /><testcase classname="backend.tests.test_chunk_b_landing_pages.TestOptin" name="test_unknown_channel_rejected" time="0.048" /><testcase classname="backend.tests.test_chunk_b_landing_pages.TestOptin" name="test_unknown_surface_rejected" time="0.044" /><testcase classname="backend.tests.test_chunk_b_landing_pages.TestOptin" name="test_idempotent_resubmit_does_not_duplicate" time="0.097"><failure message="assert False is True">backend/tests/test_chunk_b_landing_pages.py:143: in test_idempotent_resubmit_does_not_duplicate
    assert first_new is True
E   assert False is True</failure></testcase><testcase classname="backend.tests.test_chunk_b_landing_pages.TestOptin" name="test_custom_consent_tag_override" time="0.070" /><testcase classname="backend.tests.test_chunk_b_landing_pages.TestOptinStats" name="test_stats_endpoint_requires_admin" time="0.046" /><testcase classname="backend.tests.test_chunk_b_landing_pages.TestOptinStats" name="test_stats_returns_segments_and_total" time="0.109" /></testsuite></testsuites>