<?xml version="1.0" encoding="utf-8"?><testsuites name="pytest tests"><testsuite name="pytest" errors="0" failures="0" skipped="0" tests="18" time="6.267" timestamp="2026-05-20T15:05:53.605702+00:00" hostname="agent-env-2ffbe3ed-05fb-4362-9c63-f841eff76b28"><testcase classname="backend.tests.test_mestari_copy.TestPublicEndpoint" name="test_public_returns_full_tree_with_all_keys" time="0.514" /><testcase classname="backend.tests.test_mestari_copy.TestAdminAuth" name="test_admin_get_without_token_401" time="0.358" /><testcase classname="backend.tests.test_mestari_copy.TestAdminAuth" name="test_admin_get_with_bad_token_401" time="0.361" /><testcase classname="backend.tests.test_mestari_copy.TestAdminAuth" name="test_admin_get_with_token_200" time="0.347" /><testcase classname="backend.tests.test_mestari_copy.TestAdminAuth" name="test_admin_put_without_token_401" time="0.410" /><testcase classname="backend.tests.test_mestari_copy.TestDeepMergeAndReset" name="test_put_partial_hero_deep_merges" time="0.481" /><testcase classname="backend.tests.test_mestari_copy.TestDeepMergeAndReset" name="test_put_empty_body_resets_all_overrides" time="0.662" /><testcase classname="backend.tests.test_mestari_copy.TestSanitiser" name="test_paste_bomb_truncated_silently" time="0.378" /><testcase classname="backend.tests.test_mestari_copy.TestSanitiser" name="test_bad_shape_does_not_break" time="1.363" /><testcase classname="backend.tests.test_sprint_a_mestari_voita.TestVoitaLeadSource" name="test_source_mestari_tags_mestari_landing" time="0.256" /><testcase classname="backend.tests.test_sprint_a_mestari_voita.TestVoitaLeadSource" name="test_source_missing_defaults_to_voita" time="0.148" /><testcase classname="backend.tests.test_sprint_a_mestari_voita.TestVoitaLeadSource" name="test_source_empty_string_defaults_to_voita" time="0.122" /><testcase classname="backend.tests.test_sprint_a_mestari_voita.TestVoitaLeadSource" name="test_source_invalid_falls_back_to_voita" time="0.110" /><testcase classname="backend.tests.test_sprint_a_mestari_voita.TestVoitaEntryNewFields" name="test_entry_telegram_channel_with_confidence_and_pending_id" time="0.114" /><testcase classname="backend.tests.test_sprint_a_mestari_voita.TestVoitaEntryNewFields" name="test_entry_email_channel" time="0.114" /><testcase classname="backend.tests.test_sprint_a_mestari_voita.TestVoitaEntryNewFields" name="test_entry_invalid_channel_normalised_to_none" time="0.112" /><testcase classname="backend.tests.test_sprint_a_mestari_voita.TestVoitaEntryNewFields" name="test_entry_confidence_out_of_range_rejected" time="0.140" /><testcase classname="backend.tests.test_sprint_a_mestari_voita.TestVoitaEntryNewFields" name="test_entry_pending_id_truncated_at_64" time="0.116" /></testsuite></testsuites>