<?xml version="1.0" encoding="utf-8"?><testsuites name="pytest tests"><testsuite name="pytest" errors="0" failures="0" skipped="0" tests="17" time="2.924" timestamp="2026-05-17T21:24:37.992556+00:00" hostname="agent-env-2ffbe3ed-05fb-4362-9c63-f841eff76b28"><testcase classname="backend.tests.test_iter14_phase4_prelaunch.TestStreamersLive" name="test_default_twitch" time="1.062" /><testcase classname="backend.tests.test_iter14_phase4_prelaunch.TestStreamersLive" name="test_kick_platform" time="0.323" /><testcase classname="backend.tests.test_iter14_phase4_prelaunch.TestStreamersLive" name="test_youtube_platform" time="0.056" /><testcase classname="backend.tests.test_iter14_phase4_prelaunch.TestStreamersLive" name="test_unknown_platform_400" time="0.043" /><testcase classname="backend.tests.test_iter14_phase4_prelaunch.TestStreamerAlerts" name="test_invalid_email_400" time="0.045" /><testcase classname="backend.tests.test_iter14_phase4_prelaunch.TestStreamerAlerts" name="test_invalid_platform_400" time="0.051" /><testcase classname="backend.tests.test_iter14_phase4_prelaunch.TestStreamerAlerts" name="test_missing_streamer_400" time="0.047" /><testcase classname="backend.tests.test_iter14_phase4_prelaunch.TestStreamerAlerts" name="test_valid_capture_and_idempotency" time="0.110" /><testcase classname="backend.tests.test_iter14_phase4_prelaunch.TestStreamerAlerts" name="test_invalid_phone_400" time="0.044" /><testcase classname="backend.tests.test_iter14_phase4_prelaunch.TestLiveStats" name="test_returns_counters" time="0.050" /><testcase classname="backend.tests.test_iter14_phase4_prelaunch.TestLiveStats" name="test_cache_behavior" time="0.124" /><testcase classname="backend.tests.test_iter14_phase4_prelaunch.TestOddsFeatured" name="test_returns_picks" time="0.617" /><testcase classname="backend.tests.test_iter14_phase4_prelaunch.TestOgStaticMount" name="test_static_route_exists" time="0.048" /><testcase classname="backend.tests.test_iter14_phase4_prelaunch.TestUutisetFeed" name="test_published_list" time="0.062" /><testcase classname="backend.tests.test_iter14_phase4_prelaunch.TestMittariHistoria" name="test_dial_history" time="0.057" /><testcase classname="backend.tests.test_iter14_phase4_prelaunch.TestNoRegression" name="test_dial_current" time="0.043" /><testcase classname="backend.tests.test_iter14_phase4_prelaunch.TestNoRegression" name="test_signals_live_no_mock" time="0.050" /></testsuite></testsuites>