<?xml version="1.0" encoding="utf-8"?><testsuites name="pytest tests"><testsuite name="pytest" errors="0" failures="0" skipped="0" tests="18" time="3.701" timestamp="2026-05-18T14:15:51.593368+00:00" hostname="agent-env-2ffbe3ed-05fb-4362-9c63-f841eff76b28"><testcase classname="backend.tests.test_iter19_peli_raffle.TestDialTwitchLiveFix" name="test_live_stats_twitch_live_positive" time="0.239" /><testcase classname="backend.tests.test_iter19_peli_raffle.TestPeliPublic" name="test_peli_config_shape" time="0.119" /><testcase classname="backend.tests.test_iter19_peli_raffle.TestPeliPublic" name="test_peli_enter_success" time="0.113" /><testcase classname="backend.tests.test_iter19_peli_raffle.TestPeliPublic" name="test_peli_enter_idempotent_already_entered" time="0.419" /><testcase classname="backend.tests.test_iter19_peli_raffle.TestPeliPublic" name="test_peli_enter_rejects_no_consent" time="0.129" /><testcase classname="backend.tests.test_iter19_peli_raffle.TestPeliPublic" name="test_peli_enter_rejects_short_name" time="0.131" /><testcase classname="backend.tests.test_iter19_peli_raffle.TestPeliPublic" name="test_peli_enter_rejects_bad_email" time="0.123" /><testcase classname="backend.tests.test_iter19_peli_raffle.TestPeliPublic" name="test_peli_enter_rejects_bad_phone" time="0.124" /><testcase classname="backend.tests.test_iter19_peli_raffle.TestPeliAdmin" name="test_admin_config_requires_token" time="0.104" /><testcase classname="backend.tests.test_iter19_peli_raffle.TestPeliAdmin" name="test_admin_get_config" time="0.111" /><testcase classname="backend.tests.test_iter19_peli_raffle.TestPeliAdmin" name="test_admin_update_config_and_persistence" time="0.238" /><testcase classname="backend.tests.test_iter19_peli_raffle.TestPeliAdmin" name="test_admin_list_entries" time="0.103" /><testcase classname="backend.tests.test_iter19_peli_raffle.TestPeliAdmin" name="test_peli_enter_409_when_disabled" time="0.369" /><testcase classname="backend.tests.test_iter19_peli_raffle.TestContentBackfill" name="test_backfill_streamer_alert_3_articles" time="0.115" /><testcase classname="backend.tests.test_iter19_peli_raffle.TestContentBackfill" name="test_backfill_cap_50" time="0.477" /><testcase classname="backend.tests.test_iter19_peli_raffle.TestContentBackfill" name="test_backfill_requires_token" time="0.111" /><testcase classname="backend.tests.test_iter19_peli_raffle.TestTwitchDiscovery" name="test_discover_endpoint_ok" time="0.354" /><testcase classname="backend.tests.test_iter19_peli_raffle.TestTwitchDiscovery" name="test_discover_requires_token" time="0.114" /></testsuite></testsuites>