<?xml version="1.0" encoding="utf-8"?><testsuites name="pytest tests"><testsuite name="pytest" errors="0" failures="0" skipped="1" tests="34" time="2.402" timestamp="2026-05-20T20:55:27.431777+00:00" hostname="agent-env-2ffbe3ed-05fb-4362-9c63-f841eff76b28"><testcase classname="tests.test_iter48_startup_workers" name="test_startup_event_is_top_level_with_app_on_event_decorator" time="0.022" /><testcase classname="tests.test_iter48_startup_workers" name="test_startup_event_delegates_to_bootstrap_run_startup" time="0.043" /><testcase classname="tests.test_iter48_startup_workers" name="test_no_bootstrap_calls_leak_into_admin_voita_import_odds" time="0.031" /><testcase classname="tests.test_iter48_startup_workers" name="test_bootstrap_run_startup_exists_and_calls_seeds_then_workers" time="0.000" /><testcase classname="tests.test_iter48_startup_workers" name="test_bootstrap_seeds_owns_every_critical_seed_and_index_call" time="0.001" /><testcase classname="tests.test_iter48_startup_workers" name="test_bootstrap_workers_owns_every_critical_worker_spawn" time="0.001" /><testcase classname="tests.test_sprint_a_mestari_voita.TestVoitaLeadSource" name="test_source_mestari_tags_mestari_landing" time="0.359" /><testcase classname="tests.test_sprint_a_mestari_voita.TestVoitaLeadSource" name="test_source_missing_defaults_to_voita" time="0.126" /><testcase classname="tests.test_sprint_a_mestari_voita.TestVoitaLeadSource" name="test_source_empty_string_defaults_to_voita" time="0.124" /><testcase classname="tests.test_sprint_a_mestari_voita.TestVoitaLeadSource" name="test_source_invalid_falls_back_to_voita" time="0.138" /><testcase classname="tests.test_sprint_a_mestari_voita.TestVoitaEntryNewFields" name="test_entry_telegram_channel_with_confidence_and_pending_id" time="0.118" /><testcase classname="tests.test_sprint_a_mestari_voita.TestVoitaEntryNewFields" name="test_entry_email_channel" time="0.127" /><testcase classname="tests.test_sprint_a_mestari_voita.TestVoitaEntryNewFields" name="test_entry_invalid_channel_normalised_to_none" time="0.149" /><testcase classname="tests.test_sprint_a_mestari_voita.TestVoitaEntryNewFields" name="test_entry_confidence_out_of_range_rejected" time="0.123" /><testcase classname="tests.test_sprint_a_mestari_voita.TestVoitaEntryNewFields" name="test_entry_pending_id_truncated_at_64" time="0.114" /><testcase classname="tests.test_iter46_backoffice_complete" name="test_email_templates_catalogue_complete" time="0.036" /><testcase classname="tests.test_iter46_backoffice_complete" name="test_email_templates_preview_renders_vars" time="0.022" /><testcase classname="tests.test_iter46_backoffice_complete" name="test_email_templates_preview_gated_flag" time="0.022" /><testcase classname="tests.test_iter46_backoffice_complete" name="test_email_templates_preview_unknown_slug_404" time="0.022" /><testcase classname="tests.test_iter46_backoffice_complete" name="test_email_templates_save_idempotent" time="0.071" /><testcase classname="tests.test_iter46_backoffice_complete" name="test_email_templates_only_known_slugs_persist" time="0.068" /><testcase classname="tests.test_iter46_backoffice_complete" name="test_leads_timeline_summary_shape" time="0.039" /><testcase classname="tests.test_iter46_backoffice_complete" name="test_leads_timeline_includes_known_surfaces" time="0.046" /><testcase classname="tests.test_iter46_backoffice_complete" name="test_leads_timeline_row_shape" time="0.029" /><testcase classname="tests.test_iter46_backoffice_complete" name="test_leads_timeline_requires_admin" time="0.022" /><testcase classname="tests.test_iter46_backoffice_complete" name="test_diagnostic_landing_public_shape" time="0.022" /><testcase classname="tests.test_iter46_backoffice_complete" name="test_diagnostic_meta_surfaces_landing_copy" time="0.022" /><testcase classname="tests.test_iter46_backoffice_complete" name="test_diagnostic_copy_admin_save_then_revert" time="0.113" /><testcase classname="tests.test_iter47_notify_winner_funnel" name="test_funnel_shape_default_24h" time="0.024" /><testcase classname="tests.test_iter47_notify_winner_funnel" name="test_funnel_hours_clamped" time="0.047" /><testcase classname="tests.test_iter47_notify_winner_funnel" name="test_funnel_requires_admin" time="0.023" /><testcase classname="tests.test_iter47_notify_winner_funnel" name="test_notify_winner_404_on_unknown_raffle" time="0.025" /><testcase classname="tests.test_iter47_notify_winner_funnel" name="test_notify_winner_400_if_not_drawn" time="0.023"><skipped type="pytest.skip" message="no open raffles to test against">/app/backend/tests/test_iter47_notify_winner_funnel.py:71: no open raffles to test against</skipped></testcase><testcase classname="tests.test_iter47_notify_winner_funnel" name="test_notify_winner_requires_admin" time="0.025" /></testsuite></testsuites>