<?xml version="1.0" encoding="utf-8"?><testsuites name="pytest tests"><testsuite name="pytest" errors="0" failures="0" skipped="0" tests="10" time="1.523" timestamp="2026-05-19T22:19:34.372798+00:00" hostname="agent-env-2ffbe3ed-05fb-4362-9c63-f841eff76b28"><testcase classname="tests.test_iter37_sprint_c.TestLeadsSummary" name="test_summary_ok_and_shape" time="0.135" /><testcase classname="tests.test_iter37_sprint_c.TestLeadsSummary" name="test_summary_requires_admin" time="0.124" /><testcase classname="tests.test_iter37_sprint_c.TestLeads" name="test_filter_by_source[mestari-mestari_lead]" time="0.192" /><testcase classname="tests.test_iter37_sprint_c.TestLeads" name="test_filter_by_source[voita-voita_lead]" time="0.120" /><testcase classname="tests.test_iter37_sprint_c.TestLeads" name="test_filter_by_source[mittari-mittari_lead]" time="0.170" /><testcase classname="tests.test_iter37_sprint_c.TestLeads" name="test_no_source_returns_all" time="0.125" /><testcase classname="tests.test_iter37_sprint_c.TestLeads" name="test_leads_requires_admin" time="0.111" /><testcase classname="tests.test_iter37_sprint_c.TestTelegramLog" name="test_log_ok_and_shape" time="0.114" /><testcase classname="tests.test_iter37_sprint_c.TestTelegramLog" name="test_log_requires_admin" time="0.117" /><testcase classname="tests.test_iter37_sprint_c.TestConsistency" name="test_summary_and_leads_counts_match" time="0.242" /></testsuite></testsuites>