<?xml version="1.0" encoding="utf-8"?><testsuites name="pytest tests"><testsuite name="pytest" errors="0" failures="0" skipped="0" tests="19" time="1.573" timestamp="2026-05-19T11:51:44.190328+00:00" hostname="agent-env-2ffbe3ed-05fb-4362-9c63-f841eff76b28"><testcase classname="tests.test_sprint_streamer_meta_drafter.TestStreamerMetaV2Listing" name="test_auth_required" time="0.265" /><testcase classname="tests.test_sprint_streamer_meta_drafter.TestStreamerMetaV2Listing" name="test_listing_returns_rate_limit" time="0.147" /><testcase classname="tests.test_sprint_streamer_meta_drafter.TestStreamerMetaPublishFlow" name="test_publish_writes_history_and_visible_via_v2" time="0.150" /><testcase classname="tests.test_sprint_streamer_meta_drafter.TestStreamerMetaPublishFlow" name="test_publish_rejects_empty_body" time="0.047" /><testcase classname="tests.test_sprint_streamer_meta_drafter.TestStreamerMetaPublishFlow" name="test_suppress_toggles_status" time="0.157" /><testcase classname="tests.test_sprint_streamer_meta_drafter.TestStreamerMetaPublishFlow" name="test_suppress_missing_row_400" time="0.048" /><testcase classname="tests.test_sprint_streamer_meta_drafter.TestStreamerMetaDraftEndpoint" name="test_auth_required" time="0.051" /><testcase classname="tests.test_sprint_streamer_meta_drafter.TestStreamerMetaDraftEndpoint" name="test_invalid_login_400" time="0.045" /><testcase classname="tests.test_sprint_streamer_meta_drafter.TestSlotRegistry" name="test_auth_required" time="0.054" /><testcase classname="tests.test_sprint_streamer_meta_drafter.TestSlotRegistry" name="test_listing_returns_seed" time="0.051" /><testcase classname="tests.test_sprint_streamer_meta_drafter.TestSlotRegistry" name="test_add_patch_delete_lifecycle" time="0.194" /><testcase classname="tests.test_sprint_streamer_meta_drafter.TestSlotRegistry" name="test_duplicate_name_400" time="0.049" /><testcase classname="tests.test_sprint_streamer_meta_drafter.TestSlotRegistry" name="test_invalid_category_400" time="0.078" /><testcase classname="tests.test_sprint_streamer_meta_drafter.TestSlotRegistry" name="test_reseed_is_idempotent" time="0.133" /><testcase classname="tests.test_sprint_streamer_meta_drafter.TestSlotRegistryExtraction" name="test_longest_match_wins" time="0.001" /><testcase classname="tests.test_sprint_streamer_meta_drafter.TestDrafterModule" name="test_parse_llm_json_extracts_object_from_markdown_fence" time="0.001" /><testcase classname="tests.test_sprint_streamer_meta_drafter.TestDrafterModule" name="test_parse_llm_json_rejects_missing_field" time="0.000" /><testcase classname="tests.test_sprint_streamer_meta_drafter.TestDrafterModule" name="test_parse_llm_json_clamps_invalid_confidence" time="0.000" /><testcase classname="tests.test_sprint_streamer_meta_drafter.TestDrafterModule" name="test_cache_freshness_helper" time="0.002" /></testsuite></testsuites>