<?xml version="1.0" encoding="utf-8"?><testsuites name="pytest tests"><testsuite name="pytest" errors="0" failures="0" skipped="1" tests="54" time="14.269" timestamp="2026-05-20T10:09:16.358036+00:00" hostname="agent-env-2ffbe3ed-05fb-4362-9c63-f841eff76b28"><testcase classname="backend.tests.test_iter40_mittari_optimization.TestMittariStats" name="test_stats_contract_and_no_id_leak" time="0.206" /><testcase classname="backend.tests.test_iter40_mittari_optimization.TestMittariStats" name="test_stats_no_apostrophe_literal" time="0.060" /><testcase classname="backend.tests.test_iter40_mittari_optimization.TestVoitaLeadMittariSurfaces" name="test_lead_persists_and_returns_ok[mittari_gate_hero]" time="0.627" /><testcase classname="backend.tests.test_iter40_mittari_optimization.TestVoitaLeadMittariSurfaces" name="test_lead_persists_and_returns_ok[mittari_gate_final]" time="0.625" /><testcase classname="backend.tests.test_iter40_mittari_optimization.TestMittariSubscribe" name="test_subscribe_with_pending_id" time="0.062" /><testcase classname="backend.tests.test_iter40_mittari_optimization.TestSprintRegression" name="test_dial_ok" time="0.058" /><testcase classname="backend.tests.test_iter40_mittari_optimization.TestSprintRegression" name="test_cockpit_ok" time="0.060" /><testcase classname="backend.tests.test_iter40_mittari_optimization.TestSprintRegression" name="test_odds_featured_contract" time="0.512" /><testcase classname="backend.tests.test_iter36_telegram_mittari.TestWebhookDispatcher" name="test_help_returns_kind_help" time="0.631" /><testcase classname="backend.tests.test_iter36_telegram_mittari.TestWebhookDispatcher" name="test_fallback_for_chitchat" time="0.495" /><testcase classname="backend.tests.test_iter36_telegram_mittari.TestWebhookDispatcher" name="test_start_no_pending" time="0.507" /><testcase classname="backend.tests.test_iter36_telegram_mittari.TestWebhookDispatcher" name="test_start_unknown_pending" time="0.683" /><testcase classname="backend.tests.test_iter36_telegram_mittari.TestWebhookDispatcher" name="test_missing_message_handled_gracefully" time="0.070" /><testcase classname="backend.tests.test_iter36_telegram_mittari.TestMittariSubscribeFlow" name="test_subscribe_pre_registers" time="0.128" /><testcase classname="backend.tests.test_iter36_telegram_mittari.TestMittariSubscribeFlow" name="test_binding_status_unknown_pid" time="0.057" /><testcase classname="backend.tests.test_iter36_telegram_mittari.TestMittariSubscribeFlow" name="test_binding_status_requires_pid" time="0.064" /><testcase classname="backend.tests.test_iter36_telegram_mittari.TestMittariSubscribeFlow" name="test_mittari_bind_via_webhook" time="1.127" /><testcase classname="backend.tests.test_iter36_telegram_mittari.TestMittariSubscribeFlow" name="test_mittari_bind_without_preregister" time="0.583" /><testcase classname="backend.tests.test_iter36_telegram_mittari.TestMittariSubscribeFlow" name="test_stop_deactivates_subscribers" time="1.246" /><testcase classname="backend.tests.test_iter36_telegram_mittari.TestMittariSubscribeFlow" name="test_unsubscribe_alias" time="1.090" /><testcase classname="backend.tests.test_iter36_telegram_mittari.TestVoitaRaffleBind" name="test_voita_start_binds_entry" time="0.133"><skipped type="pytest.skip" message="Could not create voita entry: 400 {&quot;detail&quot;:&quot;raffle status is paid; not accepting entries&quot;}">/app/backend/tests/test_iter36_telegram_mittari.py:241: Could not create voita entry: 400 {"detail":"raffle status is paid; not accepting entries"}</skipped></testcase><testcase classname="backend.tests.test_iter36_telegram_mittari.TestAdminGating" name="test_bound_entries_requires_admin" time="0.067" /><testcase classname="backend.tests.test_iter36_telegram_mittari.TestAdminGating" name="test_bound_entries_with_admin" time="0.129" /><testcase classname="backend.tests.test_iter36_telegram_mittari.TestAdminGating" name="test_webhook_info_requires_admin" time="0.064" /><testcase classname="backend.tests.test_iter36_telegram_mittari.TestAdminGating" name="test_webhook_info_with_admin" time="0.491" /><testcase classname="backend.tests.test_iter36_telegram_mittari.TestAdminGating" name="test_set_webhook_requires_admin" time="0.066" /><testcase classname="backend.tests.test_iter36_telegram_mittari.TestAdminGating" name="test_admin_mittari_subscribers_requires_admin" time="0.069" /><testcase classname="backend.tests.test_iter36_telegram_mittari.TestAdminGating" name="test_admin_mittari_subscribers_with_admin" time="0.111" /><testcase classname="backend.tests.test_iter36_telegram_mittari.TestBroadcastImport" name="test_module_exports" time="0.036" /><testcase classname="backend.tests.test_iter37_sprint_c.TestLeadsSummary" name="test_summary_ok_and_shape" time="0.127" /><testcase classname="backend.tests.test_iter37_sprint_c.TestLeadsSummary" name="test_summary_requires_admin" time="0.126" /><testcase classname="backend.tests.test_iter37_sprint_c.TestLeads" name="test_filter_by_source[mestari-mestari_lead]" time="0.122" /><testcase classname="backend.tests.test_iter37_sprint_c.TestLeads" name="test_filter_by_source[voita-voita_lead]" time="0.121" /><testcase classname="backend.tests.test_iter37_sprint_c.TestLeads" name="test_filter_by_source[mittari-mittari_lead]" time="0.119" /><testcase classname="backend.tests.test_iter37_sprint_c.TestLeads" name="test_no_source_returns_all" time="0.127" /><testcase classname="backend.tests.test_iter37_sprint_c.TestLeads" name="test_leads_requires_admin" time="0.113" /><testcase classname="backend.tests.test_iter37_sprint_c.TestTelegramLog" name="test_log_ok_and_shape" time="0.122" /><testcase classname="backend.tests.test_iter37_sprint_c.TestTelegramLog" name="test_log_requires_admin" time="0.111" /><testcase classname="backend.tests.test_iter37_sprint_c.TestConsistency" name="test_summary_and_leads_counts_match" time="0.257" /><testcase classname="backend.tests.test_iter38_mittari_landing.TestMittariLeadCapture" name="test_mittari_lead_success" time="0.124" /><testcase classname="backend.tests.test_iter38_mittari_landing.TestMittariLeadCapture" name="test_mittari_lead_invalid_age" time="0.107" /><testcase classname="backend.tests.test_iter38_mittari_landing.TestMittariLeadCapture" name="test_mittari_lead_invalid_email" time="0.114" /><testcase classname="backend.tests.test_iter38_mittari_landing.TestMittariLeadCapture" name="test_two_independent_leads_persist" time="0.864" /><testcase classname="backend.tests.test_iter38_mittari_landing.TestAdminLeadsSummaryReflectsMittari" name="test_summary_includes_mittari" time="0.100" /><testcase classname="backend.tests.test_iter38_mittari_landing.TestMittariSubscribeRegression" name="test_mittari_subscribe_ok" time="0.101" /><testcase classname="backend.tests.test_sprint_a_mestari_voita.TestVoitaLeadSource" name="test_source_mestari_tags_mestari_landing" time="0.328" /><testcase classname="backend.tests.test_sprint_a_mestari_voita.TestVoitaLeadSource" name="test_source_missing_defaults_to_voita" time="0.098" /><testcase classname="backend.tests.test_sprint_a_mestari_voita.TestVoitaLeadSource" name="test_source_empty_string_defaults_to_voita" time="0.106" /><testcase classname="backend.tests.test_sprint_a_mestari_voita.TestVoitaLeadSource" name="test_source_invalid_falls_back_to_voita" time="0.118" /><testcase classname="backend.tests.test_sprint_a_mestari_voita.TestVoitaEntryNewFields" name="test_entry_telegram_channel_with_confidence_and_pending_id" time="0.142" /><testcase classname="backend.tests.test_sprint_a_mestari_voita.TestVoitaEntryNewFields" name="test_entry_email_channel" time="0.120" /><testcase classname="backend.tests.test_sprint_a_mestari_voita.TestVoitaEntryNewFields" name="test_entry_invalid_channel_normalised_to_none" time="0.103" /><testcase classname="backend.tests.test_sprint_a_mestari_voita.TestVoitaEntryNewFields" name="test_entry_confidence_out_of_range_rejected" time="0.134" /><testcase classname="backend.tests.test_sprint_a_mestari_voita.TestVoitaEntryNewFields" name="test_entry_pending_id_truncated_at_64" time="0.122" /></testsuite></testsuites>