<?xml version="1.0" encoding="utf-8"?><testsuites name="pytest tests"><testsuite name="pytest" errors="0" failures="0" skipped="0" tests="8" time="2.525" timestamp="2026-05-19T18:12:55.969541+00:00" hostname="agent-env-2ffbe3ed-05fb-4362-9c63-f841eff76b28"><testcase classname="tests.test_sprint_voita_hero.TestVoitaRaffles" name="test_raffles_total_count_and_statuses" time="0.177" /><testcase classname="tests.test_sprint_voita_hero.TestVoitaRaffles" name="test_active_raffles_seeded" time="0.187" /><testcase classname="tests.test_sprint_voita_hero.TestVoitaRaffles" name="test_paid_raffles_have_winners" time="0.121" /><testcase classname="tests.test_sprint_voita_hero.TestVoitaHeroSettings" name="test_public_settings_returns_voita_hero_with_all_8_fields" time="0.102" /><testcase classname="tests.test_sprint_voita_hero.TestVoitaHeroSettings" name="test_admin_put_voita_hero_saves_and_rereads" time="0.456" /><testcase classname="tests.test_sprint_voita_hero.TestVoitaHeroSettings" name="test_partial_update_merges_with_defaults" time="0.456" /><testcase classname="tests.test_sprint_voita_hero.TestVoitaHeroSettings" name="test_oversize_strings_clamped" time="0.373" /><testcase classname="tests.test_sprint_voita_hero.TestVoitaHeroSettings" name="test_combined_hero_and_quiz_config_save" time="0.527" /></testsuite></testsuites>