<?xml version="1.0" encoding="utf-8"?><testsuites name="pytest tests"><testsuite name="pytest" errors="0" failures="0" skipped="1" tests="21" time="7.721" timestamp="2026-05-19T21:37:51.663396+00:00" hostname="agent-env-2ffbe3ed-05fb-4362-9c63-f841eff76b28"><testcase classname="backend.tests.test_iter36_telegram_mittari.TestWebhookDispatcher" name="test_help_returns_kind_help" time="0.667" /><testcase classname="backend.tests.test_iter36_telegram_mittari.TestWebhookDispatcher" name="test_fallback_for_chitchat" time="0.640" /><testcase classname="backend.tests.test_iter36_telegram_mittari.TestWebhookDispatcher" name="test_start_no_pending" time="0.983" /><testcase classname="backend.tests.test_iter36_telegram_mittari.TestWebhookDispatcher" name="test_start_unknown_pending" time="0.602" /><testcase classname="backend.tests.test_iter36_telegram_mittari.TestWebhookDispatcher" name="test_missing_message_handled_gracefully" time="0.048" /><testcase classname="backend.tests.test_iter36_telegram_mittari.TestMittariSubscribeFlow" name="test_subscribe_pre_registers" time="0.108" /><testcase classname="backend.tests.test_iter36_telegram_mittari.TestMittariSubscribeFlow" name="test_binding_status_unknown_pid" time="0.052" /><testcase classname="backend.tests.test_iter36_telegram_mittari.TestMittariSubscribeFlow" name="test_binding_status_requires_pid" time="0.052" /><testcase classname="backend.tests.test_iter36_telegram_mittari.TestMittariSubscribeFlow" name="test_mittari_bind_via_webhook" time="1.006" /><testcase classname="backend.tests.test_iter36_telegram_mittari.TestMittariSubscribeFlow" name="test_mittari_bind_without_preregister" time="0.494" /><testcase classname="backend.tests.test_iter36_telegram_mittari.TestMittariSubscribeFlow" name="test_stop_deactivates_subscribers" time="0.975" /><testcase classname="backend.tests.test_iter36_telegram_mittari.TestMittariSubscribeFlow" name="test_unsubscribe_alias" time="0.961" /><testcase classname="backend.tests.test_iter36_telegram_mittari.TestVoitaRaffleBind" name="test_voita_start_binds_entry" time="0.103"><skipped type="pytest.skip" message="Could not create voita entry: 400 {&quot;detail&quot;:&quot;raffle status is paid; not accepting entries&quot;}">/app/backend/tests/test_iter36_telegram_mittari.py:241: Could not create voita entry: 400 {"detail":"raffle status is paid; not accepting entries"}</skipped></testcase><testcase classname="backend.tests.test_iter36_telegram_mittari.TestAdminGating" name="test_bound_entries_requires_admin" time="0.053" /><testcase classname="backend.tests.test_iter36_telegram_mittari.TestAdminGating" name="test_bound_entries_with_admin" time="0.125" /><testcase classname="backend.tests.test_iter36_telegram_mittari.TestAdminGating" name="test_webhook_info_requires_admin" time="0.051" /><testcase classname="backend.tests.test_iter36_telegram_mittari.TestAdminGating" name="test_webhook_info_with_admin" time="0.471" /><testcase classname="backend.tests.test_iter36_telegram_mittari.TestAdminGating" name="test_set_webhook_requires_admin" time="0.048" /><testcase classname="backend.tests.test_iter36_telegram_mittari.TestAdminGating" name="test_admin_mittari_subscribers_requires_admin" time="0.046" /><testcase classname="backend.tests.test_iter36_telegram_mittari.TestAdminGating" name="test_admin_mittari_subscribers_with_admin" time="0.106" /><testcase classname="backend.tests.test_iter36_telegram_mittari.TestBroadcastImport" name="test_module_exports" time="0.034" /></testsuite></testsuites>