<?xml version="1.0" encoding="utf-8"?><testsuites name="pytest tests"><testsuite name="pytest" errors="0" failures="0" skipped="0" tests="17" time="2.050" timestamp="2026-05-18T20:47:07.055779+00:00" hostname="agent-env-2ffbe3ed-05fb-4362-9c63-f841eff76b28"><testcase classname="backend.tests.test_iter23_phase1.TestNewsTicker" name="test_news_ticker_shape" time="0.256" /><testcase classname="backend.tests.test_iter23_phase1.TestNewsTicker" name="test_news_ticker_all_items_above_threshold" time="0.069" /><testcase classname="backend.tests.test_iter23_phase1.TestOddsFeatured" name="test_picks_have_sharpness_object" time="0.607" /><testcase classname="backend.tests.test_iter23_phase1.TestOddsFeatured" name="test_avg_implied_now_stripped" time="0.055" /><testcase classname="backend.tests.test_iter23_phase1.TestMarketWatch" name="test_market_watch_shape" time="0.059" /><testcase classname="backend.tests.test_iter23_phase1.TestDialAlertSubscribe" name="test_subscribe_accepts_min_state[VIPIN\xc4]" time="0.058" /><testcase classname="backend.tests.test_iter23_phase1.TestDialAlertSubscribe" name="test_subscribe_accepts_min_state[MEININKI]" time="0.072" /><testcase classname="backend.tests.test_iter23_phase1.TestDialAlertSubscribe" name="test_subscribe_accepts_min_state[PERKELE]" time="0.062" /><testcase classname="backend.tests.test_iter23_phase1.TestDialAlertSubscribe" name="test_subscribe_accepts_min_state[ACTIVE]" time="0.054" /><testcase classname="backend.tests.test_iter23_phase1.TestDialAlertSubscribe" name="test_subscribe_accepts_min_state[ROLLING]" time="0.052" /><testcase classname="backend.tests.test_iter23_phase1.TestDialAlertSubscribe" name="test_subscribe_accepts_min_state[WARM]" time="0.058" /><testcase classname="backend.tests.test_iter23_phase1.TestDialAlertSubscribe" name="test_subscribe_accepts_min_state[RUSH]" time="0.055" /><testcase classname="backend.tests.test_iter23_phase1.TestDialAlertSubscribe" name="test_subscribe_accepts_min_state[JACKPOT]" time="0.055" /><testcase classname="backend.tests.test_iter23_phase1.TestDialAlertSubscribe" name="test_subscribe_accepts_min_state[TULOSSA]" time="0.057" /><testcase classname="backend.tests.test_iter23_phase1.TestDialAlertSubscribe" name="test_subscribe_accepts_min_state[VOITTOPUTKI]" time="0.055" /><testcase classname="backend.tests.test_iter23_phase1.TestDialAlertSubscribe" name="test_subscribe_accepts_min_state[RY\xd6ST\xd6PUTKI]" time="0.053" /><testcase classname="backend.tests.test_iter23_phase1.TestDialAlertSubscribe" name="test_subscribe_rejects_unknown_state" time="0.056" /></testsuite></testsuites>