<?xml version="1.0" encoding="utf-8"?><testsuites name="pytest tests"><testsuite name="pytest" errors="0" failures="0" skipped="0" tests="112" time="48.245" timestamp="2026-05-17T10:38:17.023396+00:00" hostname="agent-env-2ffbe3ed-05fb-4362-9c63-f841eff76b28"><testcase classname="tests.test_game_scores.TestGameScorePost" name="test_submit_valid_score" time="0.211" /><testcase classname="tests.test_game_scores.TestGameScorePost" name="test_missing_cookie_id_rejected" time="0.042" /><testcase classname="tests.test_game_scores.TestGameScorePost" name="test_negative_score_rejected" time="0.045" /><testcase classname="tests.test_game_scores.TestGameScorePost" name="test_cookie_too_short_rejected" time="0.050" /><testcase classname="tests.test_game_scores.TestGameScorePost" name="test_personal_best_flag_lower_score" time="0.092" /><testcase classname="tests.test_game_scores.TestLeaderboard" name="test_leaderboard_shape" time="0.045" /><testcase classname="tests.test_game_scores.TestLeaderboard" name="test_leaderboard_sorted_desc_and_no_private_fields" time="0.183" /><testcase classname="tests.test_game_scores.TestLeaderboard" name="test_leaderboard_limit_cap_50" time="0.045" /><testcase classname="tests.test_game_scores.TestLeaderboard" name="test_leaderboard_limit_zero_clamped_to_one" time="0.091" /><testcase classname="tests.test_game_scores.TestPersonalScore" name="test_me_empty_for_new_cookie" time="0.046" /><testcase classname="tests.test_game_scores.TestPersonalScore" name="test_me_after_submit" time="0.093" /><testcase classname="tests.test_game_scores.TestRankComputation" name="test_three_cookies_ranking" time="0.230" /><testcase classname="tests.test_mittari_api.TestRoot" name="test_root_ok" time="0.095" /><testcase classname="tests.test_mittari_api.TestDial" name="test_get_dial_current" time="0.043" /><testcase classname="tests.test_mittari_api.TestDial" name="test_get_dial_states_all_five" time="0.052" /><testcase classname="tests.test_mittari_api.TestSignup" name="test_signup_minimal" time="0.045" /><testcase classname="tests.test_mittari_api.TestSignup" name="test_signup_with_selections" time="0.044" /><testcase classname="tests.test_mittari_api.TestSignup" name="test_signup_invalid_email" time="0.041" /><testcase classname="tests.test_mittari_api.TestPredictions" name="test_prediction_with_email" time="0.048" /><testcase classname="tests.test_mittari_api.TestPredictions" name="test_prediction_without_email" time="0.044" /><testcase classname="tests.test_mittari_api.TestPredictions" name="test_prediction_pick_2" time="0.043" /><testcase classname="tests.test_mittari_api.TestPredictions" name="test_prediction_missing_fields" time="0.041" /><testcase classname="tests.test_mittari_api.TestSiteSettings" name="test_public_settings_no_auth" time="0.045" /><testcase classname="tests.test_mittari_api.TestSiteSettings" name="test_admin_get_settings_requires_token" time="0.094" /><testcase classname="tests.test_mittari_api.TestSiteSettings" name="test_admin_get_settings_wrong_token" time="0.106" /><testcase classname="tests.test_mittari_api.TestSiteSettings" name="test_admin_get_settings_valid_token" time="0.094" /><testcase classname="tests.test_mittari_api.TestSiteSettings" name="test_admin_put_settings_wrong_token" time="0.098" /><testcase classname="tests.test_mittari_api.TestSiteSettings" name="test_admin_put_then_public_get_reflects" time="0.290" /><testcase classname="tests.test_mittari_api.TestSiteSettings" name="test_admin_put_settings_null_clears" time="0.260" /><testcase classname="tests.test_mittari_api.TestSmarticoTemplateId" name="test_put_with_smartico_template_id" time="0.147" /><testcase classname="tests.test_mittari_api.TestSmarticoTemplateId" name="test_put_clear_smartico_template_id" time="0.254" /><testcase classname="tests.test_mittari_api.TestSmarticoTemplateId" name="test_public_settings_contains_smartico_key" time="0.083" /><testcase classname="tests.test_phase3_pipeline.TestPhase3SignalPipeline" name="test_force_poll_returns_summary" time="0.139" /><testcase classname="tests.test_phase3_pipeline.TestPhase3SignalPipeline" name="test_admin_signals_listing" time="0.115" /><testcase classname="tests.test_phase3_pipeline.TestPhase3SignalPipeline" name="test_admin_signals_filter" time="0.155" /><testcase classname="tests.test_phase3_pipeline.TestPhase3SignalPipeline" name="test_admin_dial_history" time="0.106" /><testcase classname="tests.test_phase3_pipeline.TestPhase3SignalPipeline" name="test_dial_endpoint_uses_snapshot" time="0.106" /><testcase classname="tests.test_phase3_pipeline.TestPhase3SignalPipeline" name="test_cockpit_has_full_snapshot_shape" time="0.102" /><testcase classname="tests.test_phase3_pipeline.TestPhase3DistributionFanout" name="test_approve_writes_distribution_results" time="12.799" /><testcase classname="tests.test_phase3_pipeline.TestPhase3DistributionFanout" name="test_distribution_log_persisted" time="12.234" /><testcase classname="tests.test_phase3_review.TestUnauthorizedAdmin" name="test_signals_requires_token" time="0.115" /><testcase classname="tests.test_phase3_review.TestUnauthorizedAdmin" name="test_signals_poll_requires_token" time="0.103" /><testcase classname="tests.test_phase3_review.TestUnauthorizedAdmin" name="test_dial_history_requires_token" time="0.098" /><testcase classname="tests.test_phase3_review.TestDialShape" name="test_dial_state_value_is_int" time="0.330" /><testcase classname="tests.test_phase3_review.TestDialShape" name="test_cockpit_full_shape" time="0.308" /><testcase classname="tests.test_phase3_review.TestOperatorUpdateDistribution" name="test_operator_update_includes_email_channel" time="15.534" /><testcase classname="tests.test_phase3_smartico.TestSmarticoVoyagerSettings" name="test_put_round_trip_all_four_fields" time="0.097" /><testcase classname="tests.test_phase3_smartico.TestSmarticoVoyagerSettings" name="test_public_settings_exposes_all_four" time="0.098" /><testcase classname="tests.test_phase3_smartico.TestSmarticoVoyagerSettings" name="test_admin_get_settings_exposes_all_four_plus_updated_at" time="0.100" /><testcase classname="tests.test_phase3_smartico.TestSmarticoVoyagerSettings" name="test_clear_smartico_loader_and_brand_to_null" time="0.331" /><testcase classname="tests.test_phase3_smartico.TestSmarticoVoyagerSettings" name="test_admin_put_requires_token" time="0.103" /><testcase classname="tests.test_phase3_v2_source_scheduler.TestSourceMap" name="test_public_sources_grouped_by_category" time="0.003" /><testcase classname="tests.test_phase3_v2_source_scheduler.TestSourceMap" name="test_admin_sources_requires_token" time="0.001" /><testcase classname="tests.test_phase3_v2_source_scheduler.TestSourceMap" name="test_admin_sources_filterable" time="0.002" /><testcase classname="tests.test_phase3_v2_source_scheduler.TestFoundationalResearch" name="test_list_default_empty_or_existing" time="0.008" /><testcase classname="tests.test_phase3_v2_source_scheduler.TestFoundationalResearch" name="test_crud_roundtrip" time="0.013" /><testcase classname="tests.test_phase3_v2_source_scheduler.TestEditorialScheduler" name="test_cadences_seeded" time="0.002" /><testcase classname="tests.test_phase3_v2_source_scheduler.TestEditorialScheduler" name="test_status_endpoint_shape" time="0.011" /><testcase classname="tests.test_phase3_v2_source_scheduler.TestEditorialScheduler" name="test_tick_skips_when_no_research" time="0.003" /><testcase classname="tests.test_phase3_v2_source_scheduler.TestEditorialScheduler" name="test_variant_filler_runs" time="0.002" /><testcase classname="tests.test_phase3_v2_source_scheduler.TestEditorialScheduler" name="test_set_cadences_roundtrip" time="0.006" /><testcase classname="tests.test_phase3_v2_step1_registries.TestOperatorsRegistry" name="test_public_list_returns_seeded_operators" time="0.002" /><testcase classname="tests.test_phase3_v2_step1_registries.TestOperatorsRegistry" name="test_seeded_have_market_id_fi" time="0.002" /><testcase classname="tests.test_phase3_v2_step1_registries.TestOperatorsRegistry" name="test_partner_filter" time="0.002" /><testcase classname="tests.test_phase3_v2_step1_registries.TestOperatorsRegistry" name="test_public_get_by_slug" time="0.002" /><testcase classname="tests.test_phase3_v2_step1_registries.TestOperatorsRegistry" name="test_admin_crud_roundtrip" time="0.011" /><testcase classname="tests.test_phase3_v2_step1_registries.TestOperatorsRegistry" name="test_admin_endpoints_require_token" time="0.001" /><testcase classname="tests.test_phase3_v2_step1_registries.TestStreamersRegistry" name="test_public_list_market_filter" time="0.003" /><testcase classname="tests.test_phase3_v2_step1_registries.TestStreamersRegistry" name="test_public_list_intl_includes_all_scenes" time="0.003" /><testcase classname="tests.test_phase3_v2_step1_registries.TestStreamersRegistry" name="test_seeded_have_market_id_fi" time="0.003" /><testcase classname="tests.test_phase3_v2_step1_registries.TestStreamersRegistry" name="test_public_get_by_slug" time="0.002" /><testcase classname="tests.test_phase3_v2_step1_registries.TestStreamersRegistry" name="test_admin_crud_roundtrip" time="0.007" /><testcase classname="tests.test_phase3_v2_step1_registries.TestPublicDialHistory" name="test_public_dial_history_endpoint" time="0.003" /><testcase classname="tests.test_phase3_v2_step2_webhooks.TestWebhookStatus" name="test_status_reports_configured" time="0.033" /><testcase classname="tests.test_phase3_v2_step2_webhooks.TestTwitchWebhook" name="test_challenge_handshake" time="0.001" /><testcase classname="tests.test_phase3_v2_step2_webhooks.TestTwitchWebhook" name="test_notification_writes_signal" time="0.002" /><testcase classname="tests.test_phase3_v2_step2_webhooks.TestTwitchWebhook" name="test_signature_mismatch_returns_403" time="0.001" /><testcase classname="tests.test_phase3_v2_step2_webhooks.TestTwitchWebhook" name="test_missing_headers_returns_403" time="0.001" /><testcase classname="tests.test_phase3_v2_step2_webhooks.TestTwitchWebhook" name="test_replay_protection_dedupes" time="0.003" /><testcase classname="tests.test_phase3_v2_step2_webhooks.TestKickWebhook" name="test_valid_signature_writes_signal" time="0.002" /><testcase classname="tests.test_phase3_v2_step2_webhooks.TestKickWebhook" name="test_signature_mismatch_returns_403" time="0.001" /><testcase classname="tests.test_phase3_v2_step2_webhooks.TestKickWebhook" name="test_missing_signature_returns_403" time="0.001" /><testcase classname="tests.test_phase3_v2_step2_webhooks.TestYouTubePubSub" name="test_get_challenge_handshake" time="0.001" /><testcase classname="tests.test_phase3_v2_step2_webhooks.TestYouTubePubSub" name="test_get_invalid_verify_returns_400" time="0.001" /><testcase classname="tests.test_phase3_v2_step2_webhooks.TestYouTubePubSub" name="test_post_notification_writes_signal" time="0.001" /><testcase classname="tests.test_phase3_v2_step2_webhooks.TestYouTubePubSub" name="test_post_bad_signature_returns_202_silent" time="0.001" /><testcase classname="tests.test_phase3_v2_step2_webhooks.TestUnconfiguredDormant" name="test_twitch_503_when_secret_missing" time="0.004" /><testcase classname="tests.test_phase3_v2_step2_webhooks.TestUnconfiguredDormant" name="test_kick_503_when_secret_missing" time="0.003" /><testcase classname="tests.test_phase3_v2_step2_webhooks.TestUnconfiguredDormant" name="test_youtube_503_when_secret_missing" time="0.006" /><testcase classname="tests.test_phase3_v2_step4_feed.TestPublicFeed" name="test_feed_returns_envelope" time="0.093" /><testcase classname="tests.test_phase3_v2_step4_feed.TestPublicFeed" name="test_feed_excludes_mocked_by_default" time="0.004" /><testcase classname="tests.test_phase3_v2_step4_feed.TestPublicFeed" name="test_feed_items_have_required_shape" time="0.014" /><testcase classname="tests.test_phase3_v2_step4_feed.TestPublicFeed" name="test_feed_sorted_newest_first" time="0.002" /><testcase classname="tests.test_phase3_v2_step4_feed.TestPublicFeed" name="test_feed_source_filter" time="0.003" /><testcase classname="tests.test_phase3_v2_step4_feed.TestPublicFeed" name="test_feed_kind_filter" time="0.003" /><testcase classname="tests.test_phase3_v2_step4_feed.TestPublicFeed" name="test_feed_limit_respected" time="0.003" /><testcase classname="tests.test_phase3_v2_step4_feed.TestPublicFeed" name="test_feed_market_id_default_fi" time="0.002" /><testcase classname="tests.test_phase3_v2_step4_feed.TestFeedStats" name="test_stats_envelope" time="0.002" /><testcase classname="tests.test_phase3_v2_step4_feed.TestAdminFeed" name="test_admin_feed_requires_auth" time="0.001" /><testcase classname="tests.test_phase3_v2_step4_feed.TestAdminFeed" name="test_admin_feed_can_include_mocked" time="0.003" /><testcase classname="tests.test_phase3_v2_step4_feed.TestAdminFeed" name="test_admin_rebuild_returns_summary" time="0.098" /><testcase classname="tests.test_phase3_v2_step4_feed.TestFeedAggregator" name="test_signal_to_feed_item_filters_unknown" time="0.000" /><testcase classname="tests.test_phase3_v2_step4_feed.TestFeedAggregator" name="test_signal_to_feed_item_twitch_shape" time="0.000" /><testcase classname="tests.test_phase3_v2_voyager_rotation.TestVoyagerRotation" name="test_admin_listing_shape" time="0.005" /><testcase classname="tests.test_phase3_v2_voyager_rotation.TestVoyagerRotation" name="test_public_current_week_empty_when_unset" time="0.004" /><testcase classname="tests.test_phase3_v2_voyager_rotation.TestVoyagerRotation" name="test_upsert_requires_partner_operator" time="0.002" /><testcase classname="tests.test_phase3_v2_voyager_rotation.TestVoyagerRotation" name="test_upsert_with_partner_operator_succeeds" time="0.003" /><testcase classname="tests.test_phase3_v2_voyager_rotation.TestVoyagerRotation" name="test_rejects_invalid_iso_format" time="0.001" /><testcase classname="tests.test_phase3_v2_voyager_rotation.TestVoyagerRotation" name="test_rejects_unknown_operator" time="0.002" /><testcase classname="tests.test_phase3_v2_voyager_rotation.TestVoyagerRotation" name="test_delete_roundtrip" time="0.005" /><testcase classname="tests.test_phase3_v2_voyager_rotation.TestVoyagerRotation" name="test_public_voyager_weeks_returns_upcoming" time="0.005" /><testcase classname="tests.test_phase3_v2_voyager_rotation.TestVoyagerRotation" name="test_admin_requires_token" time="0.001" /></testsuite></testsuites>