<?xml version="1.0" encoding="utf-8"?><testsuites name="pytest tests"><testsuite name="pytest" errors="0" failures="0" skipped="0" tests="10" time="1.059" timestamp="2026-05-16T17:46:28.042003+00:00" hostname="agent-env-2ffbe3ed-05fb-4362-9c63-f841eff76b28"><testcase classname="backend.tests.test_mittari_api.TestRoot" name="test_root_ok" time="0.319" /><testcase classname="backend.tests.test_mittari_api.TestDial" name="test_get_dial_current" time="0.065" /><testcase classname="backend.tests.test_mittari_api.TestDial" name="test_get_dial_states_all_five" time="0.063" /><testcase classname="backend.tests.test_mittari_api.TestSignup" name="test_signup_minimal" time="0.064" /><testcase classname="backend.tests.test_mittari_api.TestSignup" name="test_signup_with_selections" time="0.064" /><testcase classname="backend.tests.test_mittari_api.TestSignup" name="test_signup_invalid_email" time="0.101" /><testcase classname="backend.tests.test_mittari_api.TestPredictions" name="test_prediction_with_email" time="0.063" /><testcase classname="backend.tests.test_mittari_api.TestPredictions" name="test_prediction_without_email" time="0.065" /><testcase classname="backend.tests.test_mittari_api.TestPredictions" name="test_prediction_pick_2" time="0.065" /><testcase classname="backend.tests.test_mittari_api.TestPredictions" name="test_prediction_missing_fields" time="0.127" /></testsuite></testsuites>