<?xml version="1.0" encoding="utf-8"?><testsuites name="pytest tests"><testsuite name="pytest" errors="0" failures="0" skipped="0" tests="29" time="3.073" timestamp="2026-05-16T19:14:39.653916+00:00" hostname="agent-env-2ffbe3ed-05fb-4362-9c63-f841eff76b28"><testcase classname="backend.tests.test_game_scores.TestGameScorePost" name="test_submit_valid_score" time="0.227" /><testcase classname="backend.tests.test_game_scores.TestGameScorePost" name="test_missing_cookie_id_rejected" time="0.044" /><testcase classname="backend.tests.test_game_scores.TestGameScorePost" name="test_negative_score_rejected" time="0.044" /><testcase classname="backend.tests.test_game_scores.TestGameScorePost" name="test_cookie_too_short_rejected" time="0.043" /><testcase classname="backend.tests.test_game_scores.TestGameScorePost" name="test_personal_best_flag_lower_score" time="0.128" /><testcase classname="backend.tests.test_game_scores.TestLeaderboard" name="test_leaderboard_shape" time="0.047" /><testcase classname="backend.tests.test_game_scores.TestLeaderboard" name="test_leaderboard_sorted_desc_and_no_private_fields" time="0.190" /><testcase classname="backend.tests.test_game_scores.TestLeaderboard" name="test_leaderboard_limit_cap_50" time="0.056" /><testcase classname="backend.tests.test_game_scores.TestLeaderboard" name="test_leaderboard_limit_zero_clamped_to_one" time="0.097" /><testcase classname="backend.tests.test_game_scores.TestPersonalScore" name="test_me_empty_for_new_cookie" time="0.043" /><testcase classname="backend.tests.test_game_scores.TestPersonalScore" name="test_me_after_submit" time="0.129" /><testcase classname="backend.tests.test_game_scores.TestRankComputation" name="test_three_cookies_ranking" time="0.271" /><testcase classname="backend.tests.test_mittari_api.TestRoot" name="test_root_ok" time="0.104" /><testcase classname="backend.tests.test_mittari_api.TestDial" name="test_get_dial_current" time="0.044" /><testcase classname="backend.tests.test_mittari_api.TestDial" name="test_get_dial_states_all_five" time="0.051" /><testcase classname="backend.tests.test_mittari_api.TestSignup" name="test_signup_minimal" time="0.049" /><testcase classname="backend.tests.test_mittari_api.TestSignup" name="test_signup_with_selections" time="0.044" /><testcase classname="backend.tests.test_mittari_api.TestSignup" name="test_signup_invalid_email" time="0.047" /><testcase classname="backend.tests.test_mittari_api.TestPredictions" name="test_prediction_with_email" time="0.044" /><testcase classname="backend.tests.test_mittari_api.TestPredictions" name="test_prediction_without_email" time="0.043" /><testcase classname="backend.tests.test_mittari_api.TestPredictions" name="test_prediction_pick_2" time="0.047" /><testcase classname="backend.tests.test_mittari_api.TestPredictions" name="test_prediction_missing_fields" time="0.042" /><testcase classname="backend.tests.test_mittari_api.TestSiteSettings" name="test_public_settings_no_auth" time="0.049" /><testcase classname="backend.tests.test_mittari_api.TestSiteSettings" name="test_admin_get_settings_requires_token" time="0.092" /><testcase classname="backend.tests.test_mittari_api.TestSiteSettings" name="test_admin_get_settings_wrong_token" time="0.111" /><testcase classname="backend.tests.test_mittari_api.TestSiteSettings" name="test_admin_get_settings_valid_token" time="0.106" /><testcase classname="backend.tests.test_mittari_api.TestSiteSettings" name="test_admin_put_settings_wrong_token" time="0.129" /><testcase classname="backend.tests.test_mittari_api.TestSiteSettings" name="test_admin_put_then_public_get_reflects" time="0.311" /><testcase classname="backend.tests.test_mittari_api.TestSiteSettings" name="test_admin_put_settings_null_clears" time="0.292" /></testsuite></testsuites>